{"/Users/parkhuynh/0_nicole/projects/hoh/hoh_ledger/src/core/domain/account/account.model.ts": {"path":"/Users/parkhuynh/0_nicole/projects/hoh/hoh_ledger/src/core/domain/account/account.model.ts","statementMap":{"0":{"start":{"line":8,"column":2},"end":{"line":15,"column":3}},"1":{"start":{"line":10,"column":6},"end":{"line":10,"column":14}},"2":{"start":{"line":12,"column":6},"end":{"line":12,"column":14}},"3":{"start":{"line":14,"column":6},"end":{"line":14,"column":14}},"4":{"start":{"line":19,"column":2},"end":{"line":34,"column":3}},"5":{"start":{"line":21,"column":6},"end":{"line":21,"column":14}},"6":{"start":{"line":23,"column":6},"end":{"line":23,"column":14}},"7":{"start":{"line":25,"column":6},"end":{"line":25,"column":14}},"8":{"start":{"line":27,"column":6},"end":{"line":27,"column":14}},"9":{"start":{"line":29,"column":6},"end":{"line":29,"column":14}},"10":{"start":{"line":31,"column":6},"end":{"line":31,"column":14}},"11":{"start":{"line":33,"column":6},"end":{"line":33,"column":14}},"12":{"start":{"line":41,"column":2},"end":{"line":41,"column":35}},"13":{"start":{"line":45,"column":2},"end":{"line":45,"column":39}},"14":{"start":{"line":49,"column":2},"end":{"line":49,"column":32}},"15":{"start":{"line":53,"column":2},"end":{"line":53,"column":39}}},"fnMap":{"0":{"name":"accountNatureSortRank","decl":{"start":{"line":7,"column":16},"end":{"line":7,"column":37}},"loc":{"start":{"line":7,"column":69},"end":{"line":16,"column":1}},"line":7},"1":{"name":"accountKindSortRank","decl":{"start":{"line":18,"column":16},"end":{"line":18,"column":35}},"loc":{"start":{"line":18,"column":63},"end":{"line":35,"column":1}},"line":18},"2":{"name":"isAssetAccount","decl":{"start":{"line":40,"column":16},"end":{"line":40,"column":30}},"loc":{"start":{"line":40,"column":58},"end":{"line":42,"column":1}},"line":40},"3":{"name":"isLiabilityAccount","decl":{"start":{"line":44,"column":16},"end":{"line":44,"column":34}},"loc":{"start":{"line":44,"column":62},"end":{"line":46,"column":1}},"line":44},"4":{"name":"isCashAccount","decl":{"start":{"line":48,"column":16},"end":{"line":48,"column":29}},"loc":{"start":{"line":48,"column":57},"end":{"line":50,"column":1}},"line":48},"5":{"name":"isCreditCard","decl":{"start":{"line":52,"column":16},"end":{"line":52,"column":28}},"loc":{"start":{"line":52,"column":56},"end":{"line":54,"column":1}},"line":52}},"branchMap":{"0":{"loc":{"start":{"line":8,"column":2},"end":{"line":15,"column":3}},"type":"switch","locations":[{"start":{"line":9,"column":4},"end":{"line":10,"column":14}},{"start":{"line":11,"column":4},"end":{"line":12,"column":14}},{"start":{"line":13,"column":4},"end":{"line":14,"column":14}}],"line":8},"1":{"loc":{"start":{"line":19,"column":2},"end":{"line":34,"column":3}},"type":"switch","locations":[{"start":{"line":20,"column":4},"end":{"line":21,"column":14}},{"start":{"line":22,"column":4},"end":{"line":23,"column":14}},{"start":{"line":24,"column":4},"end":{"line":25,"column":14}},{"start":{"line":26,"column":4},"end":{"line":27,"column":14}},{"start":{"line":28,"column":4},"end":{"line":29,"column":14}},{"start":{"line":30,"column":4},"end":{"line":31,"column":14}},{"start":{"line":32,"column":4},"end":{"line":33,"column":14}}],"line":19}},"s":{"0":5,"1":2,"2":2,"3":1,"4":12,"5":2,"6":2,"7":2,"8":2,"9":1,"10":1,"11":2,"12":3,"13":2,"14":3,"15":3},"f":{"0":5,"1":12,"2":3,"3":2,"4":3,"5":3},"b":{"0":[2,2,1],"1":[2,2,2,2,1,1,2]},"_coverageSchema":"1a1c01bbd47fc00a2c39e90264f33305004495a9","hash":"85ac419807e8c6c77d773da2d4365b77812282fc"}
,"/Users/parkhuynh/0_nicole/projects/hoh/hoh_ledger/src/core/domain/account/account.schema.ts": {"path":"/Users/parkhuynh/0_nicole/projects/hoh/hoh_ledger/src/core/domain/account/account.schema.ts","statementMap":{"0":{"start":{"line":10,"column":35},"end":{"line":10,"column":65}},"1":{"start":{"line":12,"column":33},"end":{"line":20,"column":2}},"2":{"start":{"line":24,"column":29},"end":{"line":34,"column":2}},"3":{"start":{"line":38,"column":32},"end":{"line":44,"column":2}},"4":{"start":{"line":53,"column":17},"end":{"line":53,"column":53}},"5":{"start":{"line":54,"column":2},"end":{"line":54,"column":40}},"6":{"start":{"line":54,"column":22},"end":{"line":54,"column":40}},"7":{"start":{"line":55,"column":2},"end":{"line":55,"column":16}},"8":{"start":{"line":63,"column":17},"end":{"line":63,"column":51}},"9":{"start":{"line":64,"column":2},"end":{"line":64,"column":40}},"10":{"start":{"line":64,"column":22},"end":{"line":64,"column":40}},"11":{"start":{"line":65,"column":2},"end":{"line":65,"column":16}},"12":{"start":{"line":73,"column":2},"end":{"line":73,"column":36}}},"fnMap":{"0":{"name":"parseAccountNature","decl":{"start":{"line":52,"column":16},"end":{"line":52,"column":34}},"loc":{"start":{"line":52,"column":88},"end":{"line":56,"column":1}},"line":52},"1":{"name":"parseAccountKind","decl":{"start":{"line":62,"column":16},"end":{"line":62,"column":32}},"loc":{"start":{"line":62,"column":84},"end":{"line":66,"column":1}},"line":62},"2":{"name":"validateAccountRow","decl":{"start":{"line":72,"column":16},"end":{"line":72,"column":34}},"loc":{"start":{"line":72,"column":83},"end":{"line":74,"column":1}},"line":72}},"branchMap":{"0":{"loc":{"start":{"line":54,"column":2},"end":{"line":54,"column":40}},"type":"if","locations":[{"start":{"line":54,"column":2},"end":{"line":54,"column":40}},{"start":{},"end":{}}],"line":54},"1":{"loc":{"start":{"line":64,"column":2},"end":{"line":64,"column":40}},"type":"if","locations":[{"start":{"line":64,"column":2},"end":{"line":64,"column":40}},{"start":{},"end":{}}],"line":64}},"s":{"0":2,"1":2,"2":2,"3":2,"4":12,"5":12,"6":5,"7":7,"8":17,"9":17,"10":10,"11":7,"12":0},"f":{"0":12,"1":17,"2":0},"b":{"0":[5,7],"1":[10,7]},"_coverageSchema":"1a1c01bbd47fc00a2c39e90264f33305004495a9","hash":"01e7ff71d5b26948e8224ee7cc685947f43509e4"}
,"/Users/parkhuynh/0_nicole/projects/hoh/hoh_ledger/src/core/domain/asset/asset.model.ts": {"path":"/Users/parkhuynh/0_nicole/projects/hoh/hoh_ledger/src/core/domain/asset/asset.model.ts","statementMap":{"0":{"start":{"line":14,"column":53},"end":{"line":26,"column":1}},"1":{"start":{"line":31,"column":61},"end":{"line":35,"column":1}},"2":{"start":{"line":41,"column":2},"end":{"line":46,"column":3}},"3":{"start":{"line":42,"column":25},"end":{"line":42,"column":33}},"4":{"start":{"line":43,"column":27},"end":{"line":43,"column":35}},"5":{"start":{"line":44,"column":24},"end":{"line":44,"column":32}},"6":{"start":{"line":45,"column":13},"end":{"line":45,"column":21}},"7":{"start":{"line":53,"column":15},"end":{"line":53,"column":66}},"8":{"start":{"line":53,"column":42},"end":{"line":53,"column":65}},"9":{"start":{"line":54,"column":2},"end":{"line":54,"column":51}},"10":{"start":{"line":61,"column":2},"end":{"line":61,"column":60}},"11":{"start":{"line":61,"column":36},"end":{"line":61,"column":59}},"12":{"start":{"line":68,"column":2},"end":{"line":68,"column":56}},"13":{"start":{"line":68,"column":38},"end":{"line":68,"column":55}},"14":{"start":{"line":75,"column":2},"end":{"line":75,"column":52}},"15":{"start":{"line":84,"column":2},"end":{"line":84,"column":44}},"16":{"start":{"line":84,"column":32},"end":{"line":84,"column":44}},"17":{"start":{"line":85,"column":2},"end":{"line":85,"column":57}},"18":{"start":{"line":92,"column":2},"end":{"line":112,"column":3}},"19":{"start":{"line":119,"column":36},"end":{"line":124,"column":10}},"20":{"start":{"line":133,"column":2},"end":{"line":133,"column":48}},"21":{"start":{"line":133,"column":30},"end":{"line":133,"column":48}},"22":{"start":{"line":135,"column":17},"end":{"line":135,"column":50}},"23":{"start":{"line":137,"column":2},"end":{"line":137,"column":66}},"24":{"start":{"line":137,"column":48},"end":{"line":137,"column":66}},"25":{"start":{"line":138,"column":2},"end":{"line":138,"column":56}},"26":{"start":{"line":138,"column":43},"end":{"line":138,"column":56}},"27":{"start":{"line":139,"column":2},"end":{"line":139,"column":62}},"28":{"start":{"line":139,"column":46},"end":{"line":139,"column":62}},"29":{"start":{"line":140,"column":2},"end":{"line":140,"column":19}},"30":{"start":{"line":150,"column":2},"end":{"line":150,"column":40}},"31":{"start":{"line":150,"column":30},"end":{"line":150,"column":40}},"32":{"start":{"line":152,"column":17},"end":{"line":152,"column":62}},"33":{"start":{"line":154,"column":2},"end":{"line":154,"column":35}},"34":{"start":{"line":154,"column":20},"end":{"line":154,"column":35}},"35":{"start":{"line":155,"column":2},"end":{"line":155,"column":40}},"36":{"start":{"line":155,"column":19},"end":{"line":155,"column":40}},"37":{"start":{"line":156,"column":2},"end":{"line":156,"column":17}}},"fnMap":{"0":{"name":"getFieldSortOrder","decl":{"start":{"line":40,"column":16},"end":{"line":40,"column":33}},"loc":{"start":{"line":40,"column":61},"end":{"line":47,"column":1}},"line":40},"1":{"name":"getCategorySortOrder","decl":{"start":{"line":52,"column":16},"end":{"line":52,"column":36}},"loc":{"start":{"line":52,"column":70},"end":{"line":55,"column":1}},"line":52},"2":{"name":"(anonymous_2)","decl":{"start":{"line":53,"column":37},"end":{"line":53,"column":38}},"loc":{"start":{"line":53,"column":42},"end":{"line":53,"column":65}},"line":53},"3":{"name":"getCategoryMeta","decl":{"start":{"line":60,"column":16},"end":{"line":60,"column":31}},"loc":{"start":{"line":60,"column":88},"end":{"line":62,"column":1}},"line":60},"4":{"name":"(anonymous_4)","decl":{"start":{"line":61,"column":31},"end":{"line":61,"column":32}},"loc":{"start":{"line":61,"column":36},"end":{"line":61,"column":59}},"line":61},"5":{"name":"getCategoriesForField","decl":{"start":{"line":67,"column":16},"end":{"line":67,"column":37}},"loc":{"start":{"line":67,"column":78},"end":{"line":69,"column":1}},"line":67},"6":{"name":"(anonymous_6)","decl":{"start":{"line":68,"column":33},"end":{"line":68,"column":34}},"loc":{"start":{"line":68,"column":38},"end":{"line":68,"column":55}},"line":68},"7":{"name":"isLiquidifiableCategory","decl":{"start":{"line":74,"column":16},"end":{"line":74,"column":39}},"loc":{"start":{"line":74,"column":74},"end":{"line":76,"column":1}},"line":74},"8":{"name":"isLiquidifiable","decl":{"start":{"line":82,"column":16},"end":{"line":82,"column":31}},"loc":{"start":{"line":82,"column":58},"end":{"line":86,"column":1}},"line":82},"9":{"name":"createEmptySummary","decl":{"start":{"line":91,"column":16},"end":{"line":91,"column":34}},"loc":{"start":{"line":91,"column":51},"end":{"line":113,"column":1}},"line":91},"10":{"name":"getLiquidityHealth","decl":{"start":{"line":129,"column":16},"end":{"line":129,"column":34}},"loc":{"start":{"line":132,"column":49},"end":{"line":141,"column":1}},"line":132},"11":{"name":"formatLiquidityMonths","decl":{"start":{"line":146,"column":16},"end":{"line":146,"column":37}},"loc":{"start":{"line":149,"column":10},"end":{"line":157,"column":1}},"line":149}},"branchMap":{"0":{"loc":{"start":{"line":41,"column":2},"end":{"line":46,"column":3}},"type":"switch","locations":[{"start":{"line":42,"column":4},"end":{"line":42,"column":33}},{"start":{"line":43,"column":4},"end":{"line":43,"column":35}},{"start":{"line":44,"column":4},"end":{"line":44,"column":32}},{"start":{"line":45,"column":4},"end":{"line":45,"column":21}}],"line":41},"1":{"loc":{"start":{"line":54,"column":9},"end":{"line":54,"column":51}},"type":"cond-expr","locations":[{"start":{"line":54,"column":16},"end":{"line":54,"column":46}},{"start":{"line":54,"column":49},"end":{"line":54,"column":51}}],"line":54},"2":{"loc":{"start":{"line":84,"column":2},"end":{"line":84,"column":44}},"type":"if","locations":[{"start":{"line":84,"column":2},"end":{"line":84,"column":44}},{"start":{},"end":{}}],"line":84},"3":{"loc":{"start":{"line":133,"column":2},"end":{"line":133,"column":48}},"type":"if","locations":[{"start":{"line":133,"column":2},"end":{"line":133,"column":48}},{"start":{},"end":{}}],"line":133},"4":{"loc":{"start":{"line":137,"column":2},"end":{"line":137,"column":66}},"type":"if","locations":[{"start":{"line":137,"column":2},"end":{"line":137,"column":66}},{"start":{},"end":{}}],"line":137},"5":{"loc":{"start":{"line":138,"column":2},"end":{"line":138,"column":56}},"type":"if","locations":[{"start":{"line":138,"column":2},"end":{"line":138,"column":56}},{"start":{},"end":{}}],"line":138},"6":{"loc":{"start":{"line":139,"column":2},"end":{"line":139,"column":62}},"type":"if","locations":[{"start":{"line":139,"column":2},"end":{"line":139,"column":62}},{"start":{},"end":{}}],"line":139},"7":{"loc":{"start":{"line":150,"column":2},"end":{"line":150,"column":40}},"type":"if","locations":[{"start":{"line":150,"column":2},"end":{"line":150,"column":40}},{"start":{},"end":{}}],"line":150},"8":{"loc":{"start":{"line":154,"column":2},"end":{"line":154,"column":35}},"type":"if","locations":[{"start":{"line":154,"column":2},"end":{"line":154,"column":35}},{"start":{},"end":{}}],"line":154},"9":{"loc":{"start":{"line":155,"column":2},"end":{"line":155,"column":40}},"type":"if","locations":[{"start":{"line":155,"column":2},"end":{"line":155,"column":40}},{"start":{},"end":{}}],"line":155}},"s":{"0":2,"1":2,"2":14,"3":2,"4":9,"5":2,"6":1,"7":10,"8":34,"9":10,"10":2,"11":11,"12":3,"13":24,"14":6,"15":3,"16":1,"17":2,"18":3,"19":2,"20":10,"21":2,"22":8,"23":8,"24":2,"25":6,"26":2,"27":4,"28":2,"29":2,"30":8,"31":2,"32":6,"33":6,"34":2,"35":4,"36":2,"37":2},"f":{"0":14,"1":10,"2":34,"3":2,"4":11,"5":3,"6":24,"7":6,"8":3,"9":3,"10":10,"11":8},"b":{"0":[2,9,2,1],"1":[9,1],"2":[1,2],"3":[2,8],"4":[2,6],"5":[2,4],"6":[2,2],"7":[2,6],"8":[2,4],"9":[2,2]},"_coverageSchema":"1a1c01bbd47fc00a2c39e90264f33305004495a9","hash":"ca6d33644291fe17884de32ffa47f63ec6e8f728"}
,"/Users/parkhuynh/0_nicole/projects/hoh/hoh_ledger/src/core/domain/asset/asset.schema.ts": {"path":"/Users/parkhuynh/0_nicole/projects/hoh/hoh_ledger/src/core/domain/asset/asset.schema.ts","statementMap":{"0":{"start":{"line":10,"column":32},"end":{"line":10,"column":89}},"1":{"start":{"line":12,"column":35},"end":{"line":24,"column":2}},"2":{"start":{"line":26,"column":38},"end":{"line":26,"column":65}},"3":{"start":{"line":30,"column":34},"end":{"line":37,"column":2}},"4":{"start":{"line":39,"column":31},"end":{"line":48,"column":2}},"5":{"start":{"line":57,"column":17},"end":{"line":57,"column":50}},"6":{"start":{"line":58,"column":2},"end":{"line":58,"column":40}},"7":{"start":{"line":58,"column":22},"end":{"line":58,"column":40}},"8":{"start":{"line":59,"column":2},"end":{"line":59,"column":25}},"9":{"start":{"line":67,"column":17},"end":{"line":67,"column":53}},"10":{"start":{"line":68,"column":2},"end":{"line":68,"column":40}},"11":{"start":{"line":68,"column":22},"end":{"line":68,"column":40}},"12":{"start":{"line":69,"column":2},"end":{"line":69,"column":16}},"13":{"start":{"line":77,"column":17},"end":{"line":77,"column":56}},"14":{"start":{"line":78,"column":2},"end":{"line":78,"column":40}},"15":{"start":{"line":78,"column":22},"end":{"line":78,"column":40}},"16":{"start":{"line":79,"column":2},"end":{"line":79,"column":17}}},"fnMap":{"0":{"name":"parseAssetField","decl":{"start":{"line":56,"column":16},"end":{"line":56,"column":31}},"loc":{"start":{"line":56,"column":82},"end":{"line":60,"column":1}},"line":56},"1":{"name":"parseAssetCategory","decl":{"start":{"line":66,"column":16},"end":{"line":66,"column":34}},"loc":{"start":{"line":66,"column":88},"end":{"line":70,"column":1}},"line":66},"2":{"name":"parseFamilyMemberRole","decl":{"start":{"line":76,"column":16},"end":{"line":76,"column":37}},"loc":{"start":{"line":76,"column":94},"end":{"line":80,"column":1}},"line":76}},"branchMap":{"0":{"loc":{"start":{"line":58,"column":2},"end":{"line":58,"column":40}},"type":"if","locations":[{"start":{"line":58,"column":2},"end":{"line":58,"column":40}},{"start":{},"end":{}}],"line":58},"1":{"loc":{"start":{"line":68,"column":2},"end":{"line":68,"column":40}},"type":"if","locations":[{"start":{"line":68,"column":2},"end":{"line":68,"column":40}},{"start":{},"end":{}}],"line":68},"2":{"loc":{"start":{"line":78,"column":2},"end":{"line":78,"column":40}},"type":"if","locations":[{"start":{"line":78,"column":2},"end":{"line":78,"column":40}},{"start":{},"end":{}}],"line":78}},"s":{"0":3,"1":3,"2":3,"3":3,"4":3,"5":11,"6":11,"7":5,"8":6,"9":13,"10":13,"11":6,"12":7,"13":11,"14":11,"15":4,"16":7},"f":{"0":11,"1":13,"2":11},"b":{"0":[5,6],"1":[6,7],"2":[4,7]},"_coverageSchema":"1a1c01bbd47fc00a2c39e90264f33305004495a9","hash":"b064d150b951a0a70a74e9cc534859f68f269010"}
,"/Users/parkhuynh/0_nicole/projects/hoh/hoh_ledger/src/core/domain/asset/asset.types.ts": {"path":"/Users/parkhuynh/0_nicole/projects/hoh/hoh_ledger/src/core/domain/asset/asset.types.ts","statementMap":{"0":{"start":{"line":95,"column":57},"end":{"line":98,"column":1}}},"fnMap":{},"branchMap":{},"s":{"0":2},"f":{},"b":{},"_coverageSchema":"1a1c01bbd47fc00a2c39e90264f33305004495a9","hash":"79622f3705769efe2e08246a627a26072562ffbe"}
,"/Users/parkhuynh/0_nicole/projects/hoh/hoh_ledger/src/core/domain/asset/index.ts": {"path":"/Users/parkhuynh/0_nicole/projects/hoh/hoh_ledger/src/core/domain/asset/index.ts","statementMap":{},"fnMap":{},"branchMap":{},"s":{},"f":{},"b":{},"_coverageSchema":"1a1c01bbd47fc00a2c39e90264f33305004495a9","hash":"7d61522cca2f87bc4e92d75e6700c44cb0006ffd"}
,"/Users/parkhuynh/0_nicole/projects/hoh/hoh_ledger/src/core/domain/category/category.constants.ts": {"path":"/Users/parkhuynh/0_nicole/projects/hoh/hoh_ledger/src/core/domain/category/category.constants.ts","statementMap":{"0":{"start":{"line":15,"column":33},"end":{"line":15,"column":57}},"1":{"start":{"line":20,"column":35},"end":{"line":20,"column":59}}},"fnMap":{},"branchMap":{},"s":{"0":3,"1":3},"f":{},"b":{},"_coverageSchema":"1a1c01bbd47fc00a2c39e90264f33305004495a9","hash":"16feebbf64b8ab1809f8dea2dc13bf419425d4ad"}
,"/Users/parkhuynh/0_nicole/projects/hoh/hoh_ledger/src/core/domain/category/category.model.ts": {"path":"/Users/parkhuynh/0_nicole/projects/hoh/hoh_ledger/src/core/domain/category/category.model.ts","statementMap":{"0":{"start":{"line":6,"column":16},"end":{"line":6,"column":32}},"1":{"start":{"line":7,"column":2},"end":{"line":7,"column":41}},"2":{"start":{"line":15,"column":2},"end":{"line":15,"column":24}},"3":{"start":{"line":15,"column":12},"end":{"line":15,"column":24}},"4":{"start":{"line":18,"column":2},"end":{"line":18,"column":43}},"5":{"start":{"line":18,"column":31},"end":{"line":18,"column":43}},"6":{"start":{"line":19,"column":2},"end":{"line":19,"column":68}},"7":{"start":{"line":19,"column":56},"end":{"line":19,"column":68}},"8":{"start":{"line":20,"column":2},"end":{"line":20,"column":82}},"9":{"start":{"line":20,"column":70},"end":{"line":20,"column":82}},"10":{"start":{"line":23,"column":37},"end":{"line":23,"column":70}},"11":{"start":{"line":24,"column":2},"end":{"line":24,"column":50}},"12":{"start":{"line":24,"column":38},"end":{"line":24,"column":50}},"13":{"start":{"line":27,"column":18},"end":{"line":27,"column":33}},"14":{"start":{"line":28,"column":18},"end":{"line":28,"column":77}},"15":{"start":{"line":29,"column":2},"end":{"line":29,"column":28}},"16":{"start":{"line":29,"column":16},"end":{"line":29,"column":28}},"17":{"start":{"line":32,"column":2},"end":{"line":32,"column":79}},"18":{"start":{"line":32,"column":67},"end":{"line":32,"column":79}},"19":{"start":{"line":33,"column":2},"end":{"line":33,"column":13}},"20":{"start":{"line":37,"column":2},"end":{"line":39,"column":3}},"21":{"start":{"line":38,"column":4},"end":{"line":38,"column":102}}},"fnMap":{"0":{"name":"normalizeSubKeyFromDbKey","decl":{"start":{"line":5,"column":16},"end":{"line":5,"column":40}},"loc":{"start":{"line":5,"column":64},"end":{"line":8,"column":1}},"line":5},"1":{"name":"isValidCategoryRef","decl":{"start":{"line":14,"column":9},"end":{"line":14,"column":27}},"loc":{"start":{"line":14,"column":96},"end":{"line":34,"column":1}},"line":14},"2":{"name":"assertValidCategoryRef","decl":{"start":{"line":36,"column":16},"end":{"line":36,"column":38}},"loc":{"start":{"line":36,"column":85},"end":{"line":40,"column":1}},"line":36}},"branchMap":{"0":{"loc":{"start":{"line":7,"column":9},"end":{"line":7,"column":41}},"type":"binary-expr","locations":[{"start":{"line":7,"column":9},"end":{"line":7,"column":32}},{"start":{"line":7,"column":36},"end":{"line":7,"column":41}}],"line":7},"1":{"loc":{"start":{"line":15,"column":2},"end":{"line":15,"column":24}},"type":"if","locations":[{"start":{"line":15,"column":2},"end":{"line":15,"column":24}},{"start":{},"end":{}}],"line":15},"2":{"loc":{"start":{"line":18,"column":2},"end":{"line":18,"column":43}},"type":"if","locations":[{"start":{"line":18,"column":2},"end":{"line":18,"column":43}},{"start":{},"end":{}}],"line":18},"3":{"loc":{"start":{"line":19,"column":2},"end":{"line":19,"column":68}},"type":"if","locations":[{"start":{"line":19,"column":2},"end":{"line":19,"column":68}},{"start":{},"end":{}}],"line":19},"4":{"loc":{"start":{"line":19,"column":6},"end":{"line":19,"column":54}},"type":"binary-expr","locations":[{"start":{"line":19,"column":6},"end":{"line":19,"column":22}},{"start":{"line":19,"column":26},"end":{"line":19,"column":54}}],"line":19},"5":{"loc":{"start":{"line":20,"column":2},"end":{"line":20,"column":82}},"type":"if","locations":[{"start":{"line":20,"column":2},"end":{"line":20,"column":82}},{"start":{},"end":{}}],"line":20},"6":{"loc":{"start":{"line":20,"column":6},"end":{"line":20,"column":68}},"type":"binary-expr","locations":[{"start":{"line":20,"column":6},"end":{"line":20,"column":29}},{"start":{"line":20,"column":33},"end":{"line":20,"column":68}}],"line":20},"7":{"loc":{"start":{"line":24,"column":2},"end":{"line":24,"column":50}},"type":"if","locations":[{"start":{"line":24,"column":2},"end":{"line":24,"column":50}},{"start":{},"end":{}}],"line":24},"8":{"loc":{"start":{"line":29,"column":2},"end":{"line":29,"column":28}},"type":"if","locations":[{"start":{"line":29,"column":2},"end":{"line":29,"column":28}},{"start":{},"end":{}}],"line":29},"9":{"loc":{"start":{"line":32,"column":2},"end":{"line":32,"column":79}},"type":"if","locations":[{"start":{"line":32,"column":2},"end":{"line":32,"column":79}},{"start":{},"end":{}}],"line":32},"10":{"loc":{"start":{"line":32,"column":6},"end":{"line":32,"column":65}},"type":"binary-expr","locations":[{"start":{"line":32,"column":6},"end":{"line":32,"column":24}},{"start":{"line":32,"column":28},"end":{"line":32,"column":65}}],"line":32},"11":{"loc":{"start":{"line":37,"column":2},"end":{"line":39,"column":3}},"type":"if","locations":[{"start":{"line":37,"column":2},"end":{"line":39,"column":3}},{"start":{},"end":{}}],"line":37},"12":{"loc":{"start":{"line":38,"column":75},"end":{"line":38,"column":99}},"type":"binary-expr","locations":[{"start":{"line":38,"column":75},"end":{"line":38,"column":93}},{"start":{"line":38,"column":97},"end":{"line":38,"column":99}}],"line":38}},"s":{"0":0,"1":0,"2":0,"3":0,"4":0,"5":0,"6":0,"7":0,"8":0,"9":0,"10":0,"11":0,"12":0,"13":0,"14":0,"15":0,"16":0,"17":0,"18":0,"19":0,"20":0,"21":0},"f":{"0":0,"1":0,"2":0},"b":{"0":[0,0],"1":[0,0],"2":[0,0],"3":[0,0],"4":[0,0],"5":[0,0],"6":[0,0],"7":[0,0],"8":[0,0],"9":[0,0],"10":[0,0],"11":[0,0],"12":[0,0]},"_coverageSchema":"1a1c01bbd47fc00a2c39e90264f33305004495a9","hash":"6a9a8e172f7e982bbe94f5ee92f1431dee5a5dcd"}
,"/Users/parkhuynh/0_nicole/projects/hoh/hoh_ledger/src/core/domain/category/category.schema.ts": {"path":"/Users/parkhuynh/0_nicole/projects/hoh/hoh_ledger/src/core/domain/category/category.schema.ts","statementMap":{"0":{"start":{"line":10,"column":34},"end":{"line":10,"column":75}},"1":{"start":{"line":19,"column":17},"end":{"line":19,"column":52}},"2":{"start":{"line":20,"column":2},"end":{"line":20,"column":40}},"3":{"start":{"line":20,"column":22},"end":{"line":20,"column":40}},"4":{"start":{"line":21,"column":2},"end":{"line":21,"column":18}}},"fnMap":{"0":{"name":"parseCategoryType","decl":{"start":{"line":18,"column":16},"end":{"line":18,"column":33}},"loc":{"start":{"line":18,"column":86},"end":{"line":22,"column":1}},"line":18}},"branchMap":{"0":{"loc":{"start":{"line":20,"column":2},"end":{"line":20,"column":40}},"type":"if","locations":[{"start":{"line":20,"column":2},"end":{"line":20,"column":40}},{"start":{},"end":{}}],"line":20}},"s":{"0":4,"1":8,"2":8,"3":3,"4":5},"f":{"0":8},"b":{"0":[3,5]},"_coverageSchema":"1a1c01bbd47fc00a2c39e90264f33305004495a9","hash":"56b085dcd41827be7d1c07fba890e50a08cb3354"}
,"/Users/parkhuynh/0_nicole/projects/hoh/hoh_ledger/src/core/domain/category/index.ts": {"path":"/Users/parkhuynh/0_nicole/projects/hoh/hoh_ledger/src/core/domain/category/index.ts","statementMap":{},"fnMap":{},"branchMap":{},"s":{},"f":{},"b":{},"_coverageSchema":"1a1c01bbd47fc00a2c39e90264f33305004495a9","hash":"643c6f260f4dc0cfff62d1febbc13bc275d7e554"}
,"/Users/parkhuynh/0_nicole/projects/hoh/hoh_ledger/src/core/domain/common/money.ts": {"path":"/Users/parkhuynh/0_nicole/projects/hoh/hoh_ledger/src/core/domain/common/money.ts","statementMap":{"0":{"start":{"line":2,"column":2},"end":{"line":2,"column":49}},"1":{"start":{"line":6,"column":2},"end":{"line":6,"column":65}}},"fnMap":{"0":{"name":"centsToDollars","decl":{"start":{"line":1,"column":16},"end":{"line":1,"column":30}},"loc":{"start":{"line":1,"column":54},"end":{"line":3,"column":1}},"line":1},"1":{"name":"dollarsToCents","decl":{"start":{"line":5,"column":16},"end":{"line":5,"column":30}},"loc":{"start":{"line":5,"column":56},"end":{"line":7,"column":1}},"line":5}},"branchMap":{"0":{"loc":{"start":{"line":2,"column":9},"end":{"line":2,"column":49}},"type":"cond-expr","locations":[{"start":{"line":2,"column":34},"end":{"line":2,"column":45}},{"start":{"line":2,"column":48},"end":{"line":2,"column":49}}],"line":2},"1":{"loc":{"start":{"line":6,"column":9},"end":{"line":6,"column":65}},"type":"cond-expr","locations":[{"start":{"line":6,"column":36},"end":{"line":6,"column":61}},{"start":{"line":6,"column":64},"end":{"line":6,"column":65}}],"line":6}},"s":{"0":109,"1":16},"f":{"0":109,"1":16},"b":{"0":[106,3],"1":[13,3]},"_coverageSchema":"1a1c01bbd47fc00a2c39e90264f33305004495a9","hash":"d021c94b4e849c9d66a2e5164563b79916a0a139"}
,"/Users/parkhuynh/0_nicole/projects/hoh/hoh_ledger/src/core/domain/notification/notification.schema.ts": {"path":"/Users/parkhuynh/0_nicole/projects/hoh/hoh_ledger/src/core/domain/notification/notification.schema.ts","statementMap":{"0":{"start":{"line":10,"column":38},"end":{"line":10,"column":56}},"1":{"start":{"line":12,"column":47},"end":{"line":17,"column":2}},"2":{"start":{"line":19,"column":37},"end":{"line":19,"column":62}},"3":{"start":{"line":21,"column":31},"end":{"line":21,"column":97}},"4":{"start":{"line":30,"column":17},"end":{"line":30,"column":56}},"5":{"start":{"line":31,"column":2},"end":{"line":31,"column":40}},"6":{"start":{"line":31,"column":22},"end":{"line":31,"column":40}},"7":{"start":{"line":32,"column":2},"end":{"line":32,"column":17}},"8":{"start":{"line":40,"column":17},"end":{"line":40,"column":65}},"9":{"start":{"line":41,"column":2},"end":{"line":41,"column":40}},"10":{"start":{"line":41,"column":22},"end":{"line":41,"column":40}},"11":{"start":{"line":42,"column":2},"end":{"line":42,"column":18}},"12":{"start":{"line":50,"column":17},"end":{"line":50,"column":55}},"13":{"start":{"line":51,"column":2},"end":{"line":51,"column":40}},"14":{"start":{"line":51,"column":22},"end":{"line":51,"column":40}},"15":{"start":{"line":52,"column":2},"end":{"line":52,"column":14}},"16":{"start":{"line":60,"column":17},"end":{"line":60,"column":49}},"17":{"start":{"line":61,"column":2},"end":{"line":61,"column":40}},"18":{"start":{"line":61,"column":22},"end":{"line":61,"column":40}},"19":{"start":{"line":62,"column":2},"end":{"line":62,"column":16}}},"fnMap":{"0":{"name":"parseNotificationType","decl":{"start":{"line":29,"column":16},"end":{"line":29,"column":37}},"loc":{"start":{"line":29,"column":94},"end":{"line":33,"column":1}},"line":29},"1":{"name":"parseSystemNotificationSubtype","decl":{"start":{"line":39,"column":16},"end":{"line":39,"column":46}},"loc":{"start":{"line":39,"column":124},"end":{"line":43,"column":1}},"line":39},"2":{"name":"parseNotificationTab","decl":{"start":{"line":49,"column":16},"end":{"line":49,"column":36}},"loc":{"start":{"line":49,"column":92},"end":{"line":53,"column":1}},"line":49},"3":{"name":"parseTimeGroup","decl":{"start":{"line":59,"column":16},"end":{"line":59,"column":30}},"loc":{"start":{"line":59,"column":80},"end":{"line":63,"column":1}},"line":59}},"branchMap":{"0":{"loc":{"start":{"line":31,"column":2},"end":{"line":31,"column":40}},"type":"if","locations":[{"start":{"line":31,"column":2},"end":{"line":31,"column":40}},{"start":{},"end":{}}],"line":31},"1":{"loc":{"start":{"line":41,"column":2},"end":{"line":41,"column":40}},"type":"if","locations":[{"start":{"line":41,"column":2},"end":{"line":41,"column":40}},{"start":{},"end":{}}],"line":41},"2":{"loc":{"start":{"line":51,"column":2},"end":{"line":51,"column":40}},"type":"if","locations":[{"start":{"line":51,"column":2},"end":{"line":51,"column":40}},{"start":{},"end":{}}],"line":51},"3":{"loc":{"start":{"line":61,"column":2},"end":{"line":61,"column":40}},"type":"if","locations":[{"start":{"line":61,"column":2},"end":{"line":61,"column":40}},{"start":{},"end":{}}],"line":61}},"s":{"0":1,"1":1,"2":1,"3":1,"4":3,"5":3,"6":1,"7":2,"8":4,"9":4,"10":2,"11":2,"12":4,"13":4,"14":2,"15":2,"16":7,"17":7,"18":5,"19":2},"f":{"0":3,"1":4,"2":4,"3":7},"b":{"0":[1,2],"1":[2,2],"2":[2,2],"3":[5,2]},"_coverageSchema":"1a1c01bbd47fc00a2c39e90264f33305004495a9","hash":"53db56bd557fcf1663fffcc5c1aae09b67fa8a17"}
,"/Users/parkhuynh/0_nicole/projects/hoh/hoh_ledger/src/core/domain/price-tracker/price-tracker.schema.ts": {"path":"/Users/parkhuynh/0_nicole/projects/hoh/hoh_ledger/src/core/domain/price-tracker/price-tracker.schema.ts","statementMap":{"0":{"start":{"line":10,"column":35},"end":{"line":16,"column":2}},"1":{"start":{"line":18,"column":34},"end":{"line":28,"column":2}},"2":{"start":{"line":37,"column":17},"end":{"line":37,"column":53}},"3":{"start":{"line":38,"column":2},"end":{"line":38,"column":40}},"4":{"start":{"line":38,"column":22},"end":{"line":38,"column":40}},"5":{"start":{"line":39,"column":2},"end":{"line":39,"column":18}},"6":{"start":{"line":47,"column":17},"end":{"line":47,"column":52}},"7":{"start":{"line":48,"column":2},"end":{"line":48,"column":40}},"8":{"start":{"line":48,"column":22},"end":{"line":48,"column":40}},"9":{"start":{"line":49,"column":2},"end":{"line":49,"column":18}}},"fnMap":{"0":{"name":"parseStoreCategory","decl":{"start":{"line":36,"column":16},"end":{"line":36,"column":34}},"loc":{"start":{"line":36,"column":88},"end":{"line":40,"column":1}},"line":36},"1":{"name":"parseItemCategory","decl":{"start":{"line":46,"column":16},"end":{"line":46,"column":33}},"loc":{"start":{"line":46,"column":86},"end":{"line":50,"column":1}},"line":46}},"branchMap":{"0":{"loc":{"start":{"line":38,"column":2},"end":{"line":38,"column":40}},"type":"if","locations":[{"start":{"line":38,"column":2},"end":{"line":38,"column":40}},{"start":{},"end":{}}],"line":38},"1":{"loc":{"start":{"line":48,"column":2},"end":{"line":48,"column":40}},"type":"if","locations":[{"start":{"line":48,"column":2},"end":{"line":48,"column":40}},{"start":{},"end":{}}],"line":48}},"s":{"0":1,"1":1,"2":6,"3":6,"4":3,"5":3,"6":6,"7":6,"8":3,"9":3},"f":{"0":6,"1":6},"b":{"0":[3,3],"1":[3,3]},"_coverageSchema":"1a1c01bbd47fc00a2c39e90264f33305004495a9","hash":"b4e0eea0e27ef7712abc21f6d00a85a943d45068"}
,"/Users/parkhuynh/0_nicole/projects/hoh/hoh_ledger/src/core/domain/tag/tag.schema.ts": {"path":"/Users/parkhuynh/0_nicole/projects/hoh/hoh_ledger/src/core/domain/tag/tag.schema.ts","statementMap":{"0":{"start":{"line":10,"column":33},"end":{"line":10,"column":84}},"1":{"start":{"line":19,"column":17},"end":{"line":19,"column":51}},"2":{"start":{"line":20,"column":2},"end":{"line":20,"column":40}},"3":{"start":{"line":20,"column":22},"end":{"line":20,"column":40}},"4":{"start":{"line":21,"column":2},"end":{"line":21,"column":17}}},"fnMap":{"0":{"name":"parseTagCategory","decl":{"start":{"line":18,"column":16},"end":{"line":18,"column":32}},"loc":{"start":{"line":18,"column":84},"end":{"line":22,"column":1}},"line":18}},"branchMap":{"0":{"loc":{"start":{"line":20,"column":2},"end":{"line":20,"column":40}},"type":"if","locations":[{"start":{"line":20,"column":2},"end":{"line":20,"column":40}},{"start":{},"end":{}}],"line":20}},"s":{"0":1,"1":9,"2":9,"3":4,"4":5},"f":{"0":9},"b":{"0":[4,5]},"_coverageSchema":"1a1c01bbd47fc00a2c39e90264f33305004495a9","hash":"2a260d7d96c11e0ece8e5551be06852715fd5db6"}
,"/Users/parkhuynh/0_nicole/projects/hoh/hoh_ledger/src/core/domain/transaction/index.ts": {"path":"/Users/parkhuynh/0_nicole/projects/hoh/hoh_ledger/src/core/domain/transaction/index.ts","statementMap":{},"fnMap":{},"branchMap":{},"s":{},"f":{},"b":{},"_coverageSchema":"1a1c01bbd47fc00a2c39e90264f33305004495a9","hash":"e77a464ebe4edaee22c32ecc076a4601bc7236d9"}
,"/Users/parkhuynh/0_nicole/projects/hoh/hoh_ledger/src/core/domain/transaction/transaction.model.ts": {"path":"/Users/parkhuynh/0_nicole/projects/hoh/hoh_ledger/src/core/domain/transaction/transaction.model.ts","statementMap":{"0":{"start":{"line":6,"column":2},"end":{"line":8,"column":3}},"1":{"start":{"line":7,"column":4},"end":{"line":7,"column":54}},"2":{"start":{"line":10,"column":2},"end":{"line":12,"column":3}},"3":{"start":{"line":11,"column":4},"end":{"line":11,"column":47}},"4":{"start":{"line":14,"column":2},"end":{"line":26,"column":3}},"5":{"start":{"line":15,"column":4},"end":{"line":17,"column":5}},"6":{"start":{"line":16,"column":6},"end":{"line":16,"column":72}},"7":{"start":{"line":18,"column":4},"end":{"line":20,"column":5}},"8":{"start":{"line":19,"column":6},"end":{"line":19,"column":66}},"9":{"start":{"line":23,"column":4},"end":{"line":25,"column":5}},"10":{"start":{"line":24,"column":6},"end":{"line":24,"column":80}},"11":{"start":{"line":28,"column":2},"end":{"line":30,"column":3}},"12":{"start":{"line":29,"column":4},"end":{"line":29,"column":57}},"13":{"start":{"line":32,"column":2},"end":{"line":32,"column":14}}},"fnMap":{"0":{"name":"createTransaction","decl":{"start":{"line":5,"column":16},"end":{"line":5,"column":33}},"loc":{"start":{"line":5,"column":97},"end":{"line":33,"column":1}},"line":5}},"branchMap":{"0":{"loc":{"start":{"line":6,"column":2},"end":{"line":8,"column":3}},"type":"if","locations":[{"start":{"line":6,"column":2},"end":{"line":8,"column":3}},{"start":{},"end":{}}],"line":6},"1":{"loc":{"start":{"line":6,"column":6},"end":{"line":6,"column":85}},"type":"binary-expr","locations":[{"start":{"line":6,"column":6},"end":{"line":6,"column":41}},{"start":{"line":6,"column":45},"end":{"line":6,"column":85}}],"line":6},"2":{"loc":{"start":{"line":10,"column":2},"end":{"line":12,"column":3}},"type":"if","locations":[{"start":{"line":10,"column":2},"end":{"line":12,"column":3}},{"start":{},"end":{}}],"line":10},"3":{"loc":{"start":{"line":10,"column":6},"end":{"line":10,"column":69}},"type":"binary-expr","locations":[{"start":{"line":10,"column":6},"end":{"line":10,"column":42}},{"start":{"line":10,"column":46},"end":{"line":10,"column":69}}],"line":10},"4":{"loc":{"start":{"line":14,"column":2},"end":{"line":26,"column":3}},"type":"if","locations":[{"start":{"line":14,"column":2},"end":{"line":26,"column":3}},{"start":{"line":21,"column":9},"end":{"line":26,"column":3}}],"line":14},"5":{"loc":{"start":{"line":15,"column":4},"end":{"line":17,"column":5}},"type":"if","locations":[{"start":{"line":15,"column":4},"end":{"line":17,"column":5}},{"start":{},"end":{}}],"line":15},"6":{"loc":{"start":{"line":15,"column":8},"end":{"line":15,"column":50}},"type":"binary-expr","locations":[{"start":{"line":15,"column":8},"end":{"line":15,"column":28}},{"start":{"line":15,"column":32},"end":{"line":15,"column":50}}],"line":15},"7":{"loc":{"start":{"line":18,"column":4},"end":{"line":20,"column":5}},"type":"if","locations":[{"start":{"line":18,"column":4},"end":{"line":20,"column":5}},{"start":{},"end":{}}],"line":18},"8":{"loc":{"start":{"line":23,"column":4},"end":{"line":25,"column":5}},"type":"if","locations":[{"start":{"line":23,"column":4},"end":{"line":25,"column":5}},{"start":{},"end":{}}],"line":23},"9":{"loc":{"start":{"line":23,"column":8},"end":{"line":23,"column":58}},"type":"binary-expr","locations":[{"start":{"line":23,"column":8},"end":{"line":23,"column":32}},{"start":{"line":23,"column":36},"end":{"line":23,"column":58}}],"line":23},"10":{"loc":{"start":{"line":28,"column":2},"end":{"line":30,"column":3}},"type":"if","locations":[{"start":{"line":28,"column":2},"end":{"line":30,"column":3}},{"start":{},"end":{}}],"line":28}},"s":{"0":0,"1":0,"2":0,"3":0,"4":0,"5":0,"6":0,"7":0,"8":0,"9":0,"10":0,"11":0,"12":0,"13":0},"f":{"0":0},"b":{"0":[0,0],"1":[0,0],"2":[0,0],"3":[0,0],"4":[0,0],"5":[0,0],"6":[0,0],"7":[0,0],"8":[0,0],"9":[0,0],"10":[0,0]},"_coverageSchema":"1a1c01bbd47fc00a2c39e90264f33305004495a9","hash":"9c0ade15222ff6b8a4ae76394b03ff903e42cc9e"}
,"/Users/parkhuynh/0_nicole/projects/hoh/hoh_ledger/src/core/domain/transaction/transaction.schema.ts": {"path":"/Users/parkhuynh/0_nicole/projects/hoh/hoh_ledger/src/core/domain/transaction/transaction.schema.ts","statementMap":{"0":{"start":{"line":10,"column":37},"end":{"line":10,"column":78}},"1":{"start":{"line":14,"column":27},"end":{"line":17,"column":2}},"2":{"start":{"line":21,"column":36},"end":{"line":37,"column":2}},"3":{"start":{"line":46,"column":17},"end":{"line":46,"column":55}},"4":{"start":{"line":47,"column":2},"end":{"line":47,"column":40}},"5":{"start":{"line":47,"column":22},"end":{"line":47,"column":40}},"6":{"start":{"line":48,"column":2},"end":{"line":48,"column":18}},"7":{"start":{"line":56,"column":2},"end":{"line":56,"column":40}}},"fnMap":{"0":{"name":"parseTransactionType","decl":{"start":{"line":45,"column":16},"end":{"line":45,"column":36}},"loc":{"start":{"line":45,"column":92},"end":{"line":49,"column":1}},"line":45},"1":{"name":"validateTransactionRow","decl":{"start":{"line":55,"column":16},"end":{"line":55,"column":38}},"loc":{"start":{"line":55,"column":91},"end":{"line":57,"column":1}},"line":55}},"branchMap":{"0":{"loc":{"start":{"line":47,"column":2},"end":{"line":47,"column":40}},"type":"if","locations":[{"start":{"line":47,"column":2},"end":{"line":47,"column":40}},{"start":{},"end":{}}],"line":47}},"s":{"0":5,"1":5,"2":5,"3":17,"4":17,"5":9,"6":8,"7":0},"f":{"0":17,"1":0},"b":{"0":[9,8]},"_coverageSchema":"1a1c01bbd47fc00a2c39e90264f33305004495a9","hash":"fc5e9ca7759353fea8e2cebd262d95a97f510e55"}
,"/Users/parkhuynh/0_nicole/projects/hoh/hoh_ledger/src/core/domain/transaction/transaction.utils.ts": {"path":"/Users/parkhuynh/0_nicole/projects/hoh/hoh_ledger/src/core/domain/transaction/transaction.utils.ts","statementMap":{"0":{"start":{"line":12,"column":2},"end":{"line":12,"column":30}},"1":{"start":{"line":19,"column":2},"end":{"line":19,"column":29}},"2":{"start":{"line":26,"column":2},"end":{"line":26,"column":31}},"3":{"start":{"line":34,"column":12},"end":{"line":36,"column":50}},"4":{"start":{"line":37,"column":2},"end":{"line":37,"column":52}},"5":{"start":{"line":44,"column":2},"end":{"line":44,"column":24}},"6":{"start":{"line":55,"column":12},"end":{"line":55,"column":27}},"7":{"start":{"line":56,"column":12},"end":{"line":56,"column":53}},"8":{"start":{"line":57,"column":2},"end":{"line":57,"column":20}},"9":{"start":{"line":64,"column":2},"end":{"line":69,"column":17}},"10":{"start":{"line":81,"column":13},"end":{"line":81,"column":42}},"11":{"start":{"line":82,"column":15},"end":{"line":82,"column":43}},"12":{"start":{"line":83,"column":16},"end":{"line":83,"column":61}},"13":{"start":{"line":84,"column":17},"end":{"line":84,"column":53}},"14":{"start":{"line":85,"column":2},"end":{"line":85,"column":59}},"15":{"start":{"line":92,"column":2},"end":{"line":92,"column":43}},"16":{"start":{"line":101,"column":26},"end":{"line":101,"column":40}},"17":{"start":{"line":102,"column":21},"end":{"line":102,"column":34}},"18":{"start":{"line":103,"column":22},"end":{"line":103,"column":75}},"19":{"start":{"line":104,"column":2},"end":{"line":104,"column":53}}},"fnMap":{"0":{"name":"isExpense","decl":{"start":{"line":11,"column":16},"end":{"line":11,"column":25}},"loc":{"start":{"line":11,"column":52},"end":{"line":13,"column":1}},"line":11},"1":{"name":"isIncome","decl":{"start":{"line":18,"column":16},"end":{"line":18,"column":24}},"loc":{"start":{"line":18,"column":51},"end":{"line":20,"column":1}},"line":18},"2":{"name":"isTransfer","decl":{"start":{"line":25,"column":16},"end":{"line":25,"column":26}},"loc":{"start":{"line":25,"column":53},"end":{"line":27,"column":1}},"line":25},"3":{"name":"safeDate","decl":{"start":{"line":33,"column":16},"end":{"line":33,"column":24}},"loc":{"start":{"line":33,"column":48},"end":{"line":38,"column":1}},"line":33},"4":{"name":"transactionAmount","decl":{"start":{"line":43,"column":16},"end":{"line":43,"column":33}},"loc":{"start":{"line":43,"column":59},"end":{"line":45,"column":1}},"line":43},"5":{"name":"currentMonthYYYYMM","decl":{"start":{"line":54,"column":16},"end":{"line":54,"column":34}},"loc":{"start":{"line":54,"column":59},"end":{"line":58,"column":1}},"line":54},"6":{"name":"slugify","decl":{"start":{"line":63,"column":16},"end":{"line":63,"column":23}},"loc":{"start":{"line":63,"column":43},"end":{"line":70,"column":1}},"line":63},"7":{"name":"buildTxKey","decl":{"start":{"line":75,"column":16},"end":{"line":75,"column":26}},"loc":{"start":{"line":80,"column":11},"end":{"line":86,"column":1}},"line":80},"8":{"name":"getDaysInMonth","decl":{"start":{"line":91,"column":16},"end":{"line":91,"column":30}},"loc":{"start":{"line":91,"column":68},"end":{"line":93,"column":1}},"line":91},"9":{"name":"getYearProgressMonths","decl":{"start":{"line":100,"column":16},"end":{"line":100,"column":37}},"loc":{"start":{"line":100,"column":57},"end":{"line":105,"column":1}},"line":100}},"branchMap":{"0":{"loc":{"start":{"line":34,"column":12},"end":{"line":36,"column":50}},"type":"cond-expr","locations":[{"start":{"line":35,"column":6},"end":{"line":35,"column":19}},{"start":{"line":36,"column":6},"end":{"line":36,"column":50}}],"line":34},"1":{"loc":{"start":{"line":37,"column":9},"end":{"line":37,"column":52}},"type":"cond-expr","locations":[{"start":{"line":37,"column":37},"end":{"line":37,"column":48}},{"start":{"line":37,"column":51},"end":{"line":37,"column":52}}],"line":37},"2":{"loc":{"start":{"line":54,"column":35},"end":{"line":54,"column":49}},"type":"default-arg","locations":[{"start":{"line":54,"column":39},"end":{"line":54,"column":49}}],"line":54},"3":{"loc":{"start":{"line":82,"column":23},"end":{"line":82,"column":42}},"type":"binary-expr","locations":[{"start":{"line":82,"column":23},"end":{"line":82,"column":32}},{"start":{"line":82,"column":36},"end":{"line":82,"column":42}}],"line":82},"4":{"loc":{"start":{"line":83,"column":16},"end":{"line":83,"column":61}},"type":"cond-expr","locations":[{"start":{"line":83,"column":32},"end":{"line":83,"column":54}},{"start":{"line":83,"column":57},"end":{"line":83,"column":61}}],"line":83}},"s":{"0":3,"1":2,"2":2,"3":3,"4":3,"5":0,"6":4,"7":4,"8":4,"9":3,"10":0,"11":0,"12":0,"13":0,"14":0,"15":15,"16":8,"17":8,"18":8,"19":8},"f":{"0":3,"1":2,"2":2,"3":3,"4":0,"5":4,"6":3,"7":0,"8":15,"9":8},"b":{"0":[1,2],"1":[1,2],"2":[0],"3":[0,0],"4":[0,0]},"_coverageSchema":"1a1c01bbd47fc00a2c39e90264f33305004495a9","hash":"a819121ebd0f8cfb20616d41add0e7315bb0e001"}
,"/Users/parkhuynh/0_nicole/projects/hoh/hoh_ledger/src/core/services/account/account.service.ts": {"path":"/Users/parkhuynh/0_nicole/projects/hoh/hoh_ledger/src/core/services/account/account.service.ts","statementMap":{"0":{"start":{"line":40,"column":2},"end":{"line":40,"column":39}},"1":{"start":{"line":60,"column":2},"end":{"line":60,"column":42}}},"fnMap":{"0":{"name":"getActiveAccounts","decl":{"start":{"line":39,"column":16},"end":{"line":39,"column":33}},"loc":{"start":{"line":39,"column":47},"end":{"line":41,"column":1}},"line":39},"1":{"name":"resolveAccountIdByKey","decl":{"start":{"line":59,"column":16},"end":{"line":59,"column":37}},"loc":{"start":{"line":59,"column":57},"end":{"line":61,"column":1}},"line":59}},"branchMap":{},"s":{"0":2,"1":1},"f":{"0":2,"1":1},"b":{},"_coverageSchema":"1a1c01bbd47fc00a2c39e90264f33305004495a9","hash":"d0408368432b750bad32279a2004ece9a16880bd"}
,"/Users/parkhuynh/0_nicole/projects/hoh/hoh_ledger/src/core/services/account/index.ts": {"path":"/Users/parkhuynh/0_nicole/projects/hoh/hoh_ledger/src/core/services/account/index.ts","statementMap":{},"fnMap":{},"branchMap":{},"s":{},"f":{},"b":{},"_coverageSchema":"1a1c01bbd47fc00a2c39e90264f33305004495a9","hash":"bf8001189347652c15c611ad3a7af6996fd5d0c1"}
,"/Users/parkhuynh/0_nicole/projects/hoh/hoh_ledger/src/core/services/asset/asset.service.ts": {"path":"/Users/parkhuynh/0_nicole/projects/hoh/hoh_ledger/src/core/services/asset/asset.service.ts","statementMap":{"0":{"start":{"line":23,"column":14},"end":{"line":23,"column":24}},"1":{"start":{"line":24,"column":15},"end":{"line":24,"column":32}},"2":{"start":{"line":25,"column":16},"end":{"line":25,"column":59}},"3":{"start":{"line":26,"column":2},"end":{"line":26,"column":27}},"4":{"start":{"line":33,"column":18},"end":{"line":33,"column":52}},"5":{"start":{"line":34,"column":2},"end":{"line":40,"column":4}},"6":{"start":{"line":36,"column":4},"end":{"line":38,"column":5}},"7":{"start":{"line":37,"column":6},"end":{"line":37,"column":41}},"8":{"start":{"line":39,"column":4},"end":{"line":39,"column":36}},"9":{"start":{"line":47,"column":2},"end":{"line":47,"column":48}},"10":{"start":{"line":58,"column":18},"end":{"line":58,"column":36}},"11":{"start":{"line":59,"column":19},"end":{"line":59,"column":86}},"12":{"start":{"line":59,"column":69},"end":{"line":59,"column":80}},"13":{"start":{"line":61,"column":2},"end":{"line":67,"column":4}},"14":{"start":{"line":76,"column":16},"end":{"line":76,"column":55}},"15":{"start":{"line":78,"column":2},"end":{"line":89,"column":4}},"16":{"start":{"line":80,"column":22},"end":{"line":80,"column":77}},"17":{"start":{"line":81,"column":4},"end":{"line":81,"column":41}},"18":{"start":{"line":81,"column":25},"end":{"line":81,"column":41}},"19":{"start":{"line":84,"column":20},"end":{"line":84,"column":87}},"20":{"start":{"line":85,"column":4},"end":{"line":85,"column":37}},"21":{"start":{"line":85,"column":23},"end":{"line":85,"column":37}},"22":{"start":{"line":88,"column":4},"end":{"line":88,"column":36}},"23":{"start":{"line":96,"column":16},"end":{"line":96,"column":39}},"24":{"start":{"line":97,"column":18},"end":{"line":97,"column":72}},"25":{"start":{"line":99,"column":2},"end":{"line":109,"column":3}},"26":{"start":{"line":100,"column":4},"end":{"line":102,"column":5}},"27":{"start":{"line":101,"column":6},"end":{"line":101,"column":40}},"28":{"start":{"line":103,"column":21},"end":{"line":103,"column":45}},"29":{"start":{"line":105,"column":4},"end":{"line":107,"column":5}},"30":{"start":{"line":106,"column":6},"end":{"line":106,"column":37}},"31":{"start":{"line":108,"column":4},"end":{"line":108,"column":43}},"32":{"start":{"line":111,"column":2},"end":{"line":111,"column":16}},"33":{"start":{"line":123,"column":16},"end":{"line":123,"column":31}},"34":{"start":{"line":124,"column":23},"end":{"line":124,"column":65}},"35":{"start":{"line":124,"column":41},"end":{"line":124,"column":64}},"36":{"start":{"line":125,"column":19},"end":{"line":125,"column":96}},"37":{"start":{"line":125,"column":79},"end":{"line":125,"column":90}},"38":{"start":{"line":127,"column":2},"end":{"line":135,"column":4}},"39":{"start":{"line":142,"column":2},"end":{"line":142,"column":60}},"40":{"start":{"line":150,"column":19},"end":{"line":150,"column":75}},"41":{"start":{"line":151,"column":14},"end":{"line":151,"column":39}},"42":{"start":{"line":152,"column":2},"end":{"line":154,"column":3}},"43":{"start":{"line":153,"column":4},"end":{"line":153,"column":48}},"44":{"start":{"line":155,"column":2},"end":{"line":155,"column":12}},"45":{"start":{"line":162,"column":16},"end":{"line":162,"column":50}},"46":{"start":{"line":163,"column":2},"end":{"line":163,"column":52}},"47":{"start":{"line":170,"column":2},"end":{"line":170,"column":51}},"48":{"start":{"line":177,"column":21},"end":{"line":177,"column":53}},"49":{"start":{"line":178,"column":2},"end":{"line":178,"column":51}},"50":{"start":{"line":185,"column":2},"end":{"line":185,"column":83}},"51":{"start":{"line":198,"column":21},"end":{"line":198,"column":53}},"52":{"start":{"line":199,"column":15},"end":{"line":199,"column":34}},"53":{"start":{"line":200,"column":18},"end":{"line":200,"column":61}},"54":{"start":{"line":201,"column":26},"end":{"line":201,"column":42}},"55":{"start":{"line":203,"column":2},"end":{"line":211,"column":3}},"56":{"start":{"line":204,"column":4},"end":{"line":210,"column":5}},"57":{"start":{"line":213,"column":23},"end":{"line":213,"column":59}},"58":{"start":{"line":214,"column":26},"end":{"line":216,"column":7}},"59":{"start":{"line":219,"column":14},"end":{"line":219,"column":24}},"60":{"start":{"line":220,"column":24},"end":{"line":220,"column":42}},"61":{"start":{"line":221,"column":27},"end":{"line":221,"column":53}},"62":{"start":{"line":222,"column":18},"end":{"line":222,"column":53}},"63":{"start":{"line":224,"column":2},"end":{"line":230,"column":3}},"64":{"start":{"line":241,"column":21},"end":{"line":241,"column":53}},"65":{"start":{"line":242,"column":22},"end":{"line":242,"column":46}},"66":{"start":{"line":243,"column":23},"end":{"line":243,"column":48}},"67":{"start":{"line":244,"column":24},"end":{"line":244,"column":50}},"68":{"start":{"line":247,"column":15},"end":{"line":247,"column":34}},"69":{"start":{"line":248,"column":25},"end":{"line":248,"column":67}},"70":{"start":{"line":251,"column":37},"end":{"line":251,"column":74}},"71":{"start":{"line":252,"column":26},"end":{"line":252,"column":71}},"72":{"start":{"line":253,"column":28},"end":{"line":253,"column":61}},"73":{"start":{"line":256,"column":24},"end":{"line":258,"column":8}},"74":{"start":{"line":259,"column":26},"end":{"line":259,"column":44}},"75":{"start":{"line":262,"column":18},"end":{"line":262,"column":61}},"76":{"start":{"line":263,"column":26},"end":{"line":263,"column":42}},"77":{"start":{"line":266,"column":22},"end":{"line":266,"column":46}},"78":{"start":{"line":267,"column":2},"end":{"line":273,"column":3}},"79":{"start":{"line":269,"column":18},"end":{"line":269,"column":55}},"80":{"start":{"line":270,"column":4},"end":{"line":272,"column":5}},"81":{"start":{"line":271,"column":6},"end":{"line":271,"column":39}},"82":{"start":{"line":275,"column":24},"end":{"line":275,"column":55}},"83":{"start":{"line":276,"column":27},"end":{"line":276,"column":80}},"84":{"start":{"line":279,"column":35},"end":{"line":279,"column":89}},"85":{"start":{"line":280,"column":33},"end":{"line":280,"column":73}},"86":{"start":{"line":283,"column":42},"end":{"line":283,"column":46}},"87":{"start":{"line":284,"column":2},"end":{"line":292,"column":3}},"88":{"start":{"line":285,"column":30},"end":{"line":285,"column":72}},"89":{"start":{"line":286,"column":30},"end":{"line":286,"column":73}},"90":{"start":{"line":287,"column":4},"end":{"line":291,"column":5}},"91":{"start":{"line":295,"column":50},"end":{"line":295,"column":54}},"92":{"start":{"line":296,"column":23},"end":{"line":296,"column":46}},"93":{"start":{"line":297,"column":2},"end":{"line":310,"column":3}},"94":{"start":{"line":299,"column":28},"end":{"line":299,"column":72}},"95":{"start":{"line":300,"column":27},"end":{"line":300,"column":80}},"96":{"start":{"line":302,"column":4},"end":{"line":309,"column":5}},"97":{"start":{"line":303,"column":20},"end":{"line":303,"column":59}},"98":{"start":{"line":304,"column":6},"end":{"line":308,"column":7}},"99":{"start":{"line":312,"column":2},"end":{"line":323,"column":3}},"100":{"start":{"line":340,"column":22},"end":{"line":340,"column":59}},"101":{"start":{"line":341,"column":22},"end":{"line":341,"column":77}},"102":{"start":{"line":343,"column":23},"end":{"line":343,"column":58}},"103":{"start":{"line":344,"column":19},"end":{"line":344,"column":54}},"104":{"start":{"line":345,"column":21},"end":{"line":345,"column":56}},"105":{"start":{"line":347,"column":22},"end":{"line":349,"column":44}},"106":{"start":{"line":351,"column":2},"end":{"line":356,"column":3}},"107":{"start":{"line":364,"column":2},"end":{"line":364,"column":43}}},"fnMap":{"0":{"name":"getCurrentYearMonth","decl":{"start":{"line":22,"column":16},"end":{"line":22,"column":35}},"loc":{"start":{"line":22,"column":46},"end":{"line":27,"column":1}},"line":22},"1":{"name":"getFamilyMembers","decl":{"start":{"line":32,"column":16},"end":{"line":32,"column":32}},"loc":{"start":{"line":32,"column":51},"end":{"line":41,"column":1}},"line":32},"2":{"name":"(anonymous_2)","decl":{"start":{"line":34,"column":22},"end":{"line":34,"column":23}},"loc":{"start":{"line":34,"column":32},"end":{"line":40,"column":3}},"line":34},"3":{"name":"getFamilyMemberById","decl":{"start":{"line":46,"column":16},"end":{"line":46,"column":35}},"loc":{"start":{"line":46,"column":69},"end":{"line":48,"column":1}},"line":46},"4":{"name":"createFamilyMember","decl":{"start":{"line":53,"column":16},"end":{"line":53,"column":34}},"loc":{"start":{"line":57,"column":16},"end":{"line":68,"column":1}},"line":57},"5":{"name":"(anonymous_5)","decl":{"start":{"line":59,"column":64},"end":{"line":59,"column":65}},"loc":{"start":{"line":59,"column":69},"end":{"line":59,"column":80}},"line":59},"6":{"name":"getAssetItems","decl":{"start":{"line":75,"column":16},"end":{"line":75,"column":29}},"loc":{"start":{"line":75,"column":69},"end":{"line":90,"column":1}},"line":75},"7":{"name":"(anonymous_7)","decl":{"start":{"line":78,"column":20},"end":{"line":78,"column":21}},"loc":{"start":{"line":78,"column":30},"end":{"line":89,"column":3}},"line":78},"8":{"name":"getAssetItemsGrouped","decl":{"start":{"line":95,"column":16},"end":{"line":95,"column":36}},"loc":{"start":{"line":95,"column":113},"end":{"line":112,"column":1}},"line":95},"9":{"name":"createAssetItem","decl":{"start":{"line":117,"column":16},"end":{"line":117,"column":31}},"loc":{"start":{"line":122,"column":13},"end":{"line":136,"column":1}},"line":122},"10":{"name":"(anonymous_10)","decl":{"start":{"line":124,"column":36},"end":{"line":124,"column":37}},"loc":{"start":{"line":124,"column":41},"end":{"line":124,"column":64}},"line":124},"11":{"name":"(anonymous_11)","decl":{"start":{"line":125,"column":74},"end":{"line":125,"column":75}},"loc":{"start":{"line":125,"column":79},"end":{"line":125,"column":90}},"line":125},"12":{"name":"setBalance","decl":{"start":{"line":141,"column":16},"end":{"line":141,"column":26}},"loc":{"start":{"line":141,"column":89},"end":{"line":143,"column":1}},"line":141},"13":{"name":"getBalancesForMonth","decl":{"start":{"line":149,"column":16},"end":{"line":149,"column":35}},"loc":{"start":{"line":149,"column":102},"end":{"line":156,"column":1}},"line":149},"14":{"name":"getSummary","decl":{"start":{"line":161,"column":16},"end":{"line":161,"column":26}},"loc":{"start":{"line":161,"column":87},"end":{"line":164,"column":1}},"line":161},"15":{"name":"getTrend","decl":{"start":{"line":169,"column":16},"end":{"line":169,"column":24}},"loc":{"start":{"line":169,"column":91},"end":{"line":171,"column":1}},"line":169},"16":{"name":"getGoal","decl":{"start":{"line":176,"column":16},"end":{"line":176,"column":23}},"loc":{"start":{"line":176,"column":57},"end":{"line":179,"column":1}},"line":176},"17":{"name":"setGoal","decl":{"start":{"line":184,"column":16},"end":{"line":184,"column":23}},"loc":{"start":{"line":184,"column":119},"end":{"line":186,"column":1}},"line":184},"18":{"name":"getGoalProgress","decl":{"start":{"line":191,"column":16},"end":{"line":191,"column":31}},"loc":{"start":{"line":197,"column":2},"end":{"line":231,"column":1}},"line":197},"19":{"name":"getAssetProjection","decl":{"start":{"line":240,"column":16},"end":{"line":240,"column":34}},"loc":{"start":{"line":240,"column":93},"end":{"line":324,"column":1}},"line":240},"20":{"name":"suggestAnnualGoal","decl":{"start":{"line":330,"column":16},"end":{"line":330,"column":33}},"loc":{"start":{"line":335,"column":2},"end":{"line":357,"column":1}},"line":335},"21":{"name":"getYearsWithData","decl":{"start":{"line":363,"column":16},"end":{"line":363,"column":32}},"loc":{"start":{"line":363,"column":45},"end":{"line":365,"column":1}},"line":363}},"branchMap":{"0":{"loc":{"start":{"line":36,"column":4},"end":{"line":38,"column":5}},"type":"if","locations":[{"start":{"line":36,"column":4},"end":{"line":38,"column":5}},{"start":{},"end":{}}],"line":36},"1":{"loc":{"start":{"line":37,"column":13},"end":{"line":37,"column":41}},"type":"cond-expr","locations":[{"start":{"line":37,"column":35},"end":{"line":37,"column":37}},{"start":{"line":37,"column":40},"end":{"line":37,"column":41}}],"line":37},"2":{"loc":{"start":{"line":59,"column":19},"end":{"line":59,"column":86}},"type":"cond-expr","locations":[{"start":{"line":59,"column":40},"end":{"line":59,"column":82}},{"start":{"line":59,"column":85},"end":{"line":59,"column":86}}],"line":59},"3":{"loc":{"start":{"line":81,"column":4},"end":{"line":81,"column":41}},"type":"if","locations":[{"start":{"line":81,"column":4},"end":{"line":81,"column":41}},{"start":{},"end":{}}],"line":81},"4":{"loc":{"start":{"line":85,"column":4},"end":{"line":85,"column":37}},"type":"if","locations":[{"start":{"line":85,"column":4},"end":{"line":85,"column":37}},{"start":{},"end":{}}],"line":85},"5":{"loc":{"start":{"line":100,"column":4},"end":{"line":102,"column":5}},"type":"if","locations":[{"start":{"line":100,"column":4},"end":{"line":102,"column":5}},{"start":{},"end":{}}],"line":100},"6":{"loc":{"start":{"line":105,"column":4},"end":{"line":107,"column":5}},"type":"if","locations":[{"start":{"line":105,"column":4},"end":{"line":107,"column":5}},{"start":{},"end":{}}],"line":105},"7":{"loc":{"start":{"line":125,"column":19},"end":{"line":125,"column":96}},"type":"cond-expr","locations":[{"start":{"line":125,"column":45},"end":{"line":125,"column":92}},{"start":{"line":125,"column":95},"end":{"line":125,"column":96}}],"line":125},"8":{"loc":{"start":{"line":132,"column":21},"end":{"line":132,"column":78}},"type":"binary-expr","locations":[{"start":{"line":132,"column":21},"end":{"line":132,"column":48}},{"start":{"line":132,"column":52},"end":{"line":132,"column":78}}],"line":132},"9":{"loc":{"start":{"line":162,"column":16},"end":{"line":162,"column":50}},"type":"binary-expr","locations":[{"start":{"line":162,"column":16},"end":{"line":162,"column":25}},{"start":{"line":162,"column":29},"end":{"line":162,"column":50}}],"line":162},"10":{"loc":{"start":{"line":169,"column":25},"end":{"line":169,"column":44}},"type":"default-arg","locations":[{"start":{"line":169,"column":42},"end":{"line":169,"column":44}}],"line":169},"11":{"loc":{"start":{"line":177,"column":21},"end":{"line":177,"column":53}},"type":"binary-expr","locations":[{"start":{"line":177,"column":21},"end":{"line":177,"column":25}},{"start":{"line":177,"column":29},"end":{"line":177,"column":53}}],"line":177},"12":{"loc":{"start":{"line":198,"column":21},"end":{"line":198,"column":53}},"type":"binary-expr","locations":[{"start":{"line":198,"column":21},"end":{"line":198,"column":25}},{"start":{"line":198,"column":29},"end":{"line":198,"column":53}}],"line":198},"13":{"loc":{"start":{"line":203,"column":2},"end":{"line":211,"column":3}},"type":"if","locations":[{"start":{"line":203,"column":2},"end":{"line":211,"column":3}},{"start":{},"end":{}}],"line":203},"14":{"loc":{"start":{"line":214,"column":26},"end":{"line":216,"column":7}},"type":"cond-expr","locations":[{"start":{"line":215,"column":6},"end":{"line":215,"column":61}},{"start":{"line":216,"column":6},"end":{"line":216,"column":7}}],"line":214},"15":{"loc":{"start":{"line":241,"column":21},"end":{"line":241,"column":53}},"type":"binary-expr","locations":[{"start":{"line":241,"column":21},"end":{"line":241,"column":25}},{"start":{"line":241,"column":29},"end":{"line":241,"column":53}}],"line":241},"16":{"loc":{"start":{"line":248,"column":25},"end":{"line":248,"column":67}},"type":"binary-expr","locations":[{"start":{"line":248,"column":25},"end":{"line":248,"column":45}},{"start":{"line":248,"column":49},"end":{"line":248,"column":67}}],"line":248},"17":{"loc":{"start":{"line":253,"column":28},"end":{"line":253,"column":61}},"type":"cond-expr","locations":[{"start":{"line":253,"column":44},"end":{"line":253,"column":56}},{"start":{"line":253,"column":59},"end":{"line":253,"column":61}}],"line":253},"18":{"loc":{"start":{"line":256,"column":24},"end":{"line":258,"column":8}},"type":"cond-expr","locations":[{"start":{"line":257,"column":6},"end":{"line":257,"column":51}},{"start":{"line":258,"column":6},"end":{"line":258,"column":8}}],"line":256},"19":{"loc":{"start":{"line":266,"column":22},"end":{"line":266,"column":46}},"type":"binary-expr","locations":[{"start":{"line":266,"column":22},"end":{"line":266,"column":41}},{"start":{"line":266,"column":45},"end":{"line":266,"column":46}}],"line":266},"20":{"loc":{"start":{"line":267,"column":2},"end":{"line":273,"column":3}},"type":"if","locations":[{"start":{"line":267,"column":2},"end":{"line":273,"column":3}},{"start":{},"end":{}}],"line":267},"21":{"loc":{"start":{"line":270,"column":4},"end":{"line":272,"column":5}},"type":"if","locations":[{"start":{"line":270,"column":4},"end":{"line":272,"column":5}},{"start":{},"end":{}}],"line":270},"22":{"loc":{"start":{"line":276,"column":27},"end":{"line":276,"column":80}},"type":"cond-expr","locations":[{"start":{"line":276,"column":47},"end":{"line":276,"column":76}},{"start":{"line":276,"column":79},"end":{"line":276,"column":80}}],"line":276},"23":{"loc":{"start":{"line":284,"column":2},"end":{"line":292,"column":3}},"type":"if","locations":[{"start":{"line":284,"column":2},"end":{"line":292,"column":3}},{"start":{},"end":{}}],"line":284},"24":{"loc":{"start":{"line":284,"column":6},"end":{"line":284,"column":35}},"type":"binary-expr","locations":[{"start":{"line":284,"column":6},"end":{"line":284,"column":10}},{"start":{"line":284,"column":14},"end":{"line":284,"column":35}}],"line":284},"25":{"loc":{"start":{"line":297,"column":2},"end":{"line":310,"column":3}},"type":"if","locations":[{"start":{"line":297,"column":2},"end":{"line":310,"column":3}},{"start":{},"end":{}}],"line":297},"26":{"loc":{"start":{"line":302,"column":4},"end":{"line":309,"column":5}},"type":"if","locations":[{"start":{"line":302,"column":4},"end":{"line":309,"column":5}},{"start":{},"end":{}}],"line":302},"27":{"loc":{"start":{"line":302,"column":8},"end":{"line":302,"column":60}},"type":"binary-expr","locations":[{"start":{"line":302,"column":8},"end":{"line":302,"column":28}},{"start":{"line":302,"column":32},"end":{"line":302,"column":60}}],"line":302},"28":{"loc":{"start":{"line":341,"column":22},"end":{"line":341,"column":77}},"type":"cond-expr","locations":[{"start":{"line":341,"column":41},"end":{"line":341,"column":72}},{"start":{"line":341,"column":76},"end":{"line":341,"column":77}}],"line":341},"29":{"loc":{"start":{"line":347,"column":22},"end":{"line":349,"column":44}},"type":"cond-expr","locations":[{"start":{"line":348,"column":6},"end":{"line":348,"column":80}},{"start":{"line":349,"column":6},"end":{"line":349,"column":44}}],"line":347}},"s":{"0":4,"1":4,"2":4,"3":4,"4":2,"5":2,"6":4,"7":2,"8":2,"9":0,"10":0,"11":0,"12":0,"13":0,"14":2,"15":2,"16":5,"17":5,"18":2,"19":3,"20":3,"21":2,"22":1,"23":1,"24":1,"25":1,"26":3,"27":1,"28":3,"29":3,"30":2,"31":3,"32":1,"33":0,"34":0,"35":0,"36":0,"37":0,"38":0,"39":0,"40":0,"41":0,"42":0,"43":0,"44":0,"45":3,"46":3,"47":0,"48":3,"49":3,"50":0,"51":3,"52":3,"53":3,"54":3,"55":3,"56":1,"57":2,"58":2,"59":2,"60":2,"61":2,"62":2,"63":2,"64":0,"65":0,"66":0,"67":0,"68":0,"69":0,"70":0,"71":0,"72":0,"73":0,"74":0,"75":0,"76":0,"77":0,"78":0,"79":0,"80":0,"81":0,"82":0,"83":0,"84":0,"85":0,"86":0,"87":0,"88":0,"89":0,"90":0,"91":0,"92":0,"93":0,"94":0,"95":0,"96":0,"97":0,"98":0,"99":0,"100":2,"101":2,"102":2,"103":2,"104":2,"105":2,"106":2,"107":0},"f":{"0":4,"1":2,"2":4,"3":0,"4":0,"5":0,"6":2,"7":5,"8":1,"9":0,"10":0,"11":0,"12":0,"13":0,"14":3,"15":0,"16":3,"17":0,"18":3,"19":0,"20":2,"21":0},"b":{"0":[2,2],"1":[1,1],"2":[0,0],"3":[2,3],"4":[2,1],"5":[1,2],"6":[2,1],"7":[0,0],"8":[0,0],"9":[3,0],"10":[0],"11":[3,0],"12":[3,3],"13":[1,2],"14":[2,0],"15":[0,0],"16":[0,0],"17":[0,0],"18":[0,0],"19":[0,0],"20":[0,0],"21":[0,0],"22":[0,0],"23":[0,0],"24":[0,0],"25":[0,0],"26":[0,0],"27":[0,0],"28":[1,1],"29":[1,1]},"_coverageSchema":"1a1c01bbd47fc00a2c39e90264f33305004495a9","hash":"473044e8bc661d12597c3e5805d2043ad20726f8"}
,"/Users/parkhuynh/0_nicole/projects/hoh/hoh_ledger/src/core/services/asset/index.ts": {"path":"/Users/parkhuynh/0_nicole/projects/hoh/hoh_ledger/src/core/services/asset/index.ts","statementMap":{},"fnMap":{},"branchMap":{},"s":{},"f":{},"b":{},"_coverageSchema":"1a1c01bbd47fc00a2c39e90264f33305004495a9","hash":"fd507ea01ec21cc7408803f920ac41f20e48ad5d"}
,"/Users/parkhuynh/0_nicole/projects/hoh/hoh_ledger/src/core/services/notification/index.ts": {"path":"/Users/parkhuynh/0_nicole/projects/hoh/hoh_ledger/src/core/services/notification/index.ts","statementMap":{},"fnMap":{},"branchMap":{},"s":{},"f":{},"b":{},"_coverageSchema":"1a1c01bbd47fc00a2c39e90264f33305004495a9","hash":"9d32850ed8238a50b652cdbc37eba123800ec24b"}
,"/Users/parkhuynh/0_nicole/projects/hoh/hoh_ledger/src/core/services/notification/notification.service.ts": {"path":"/Users/parkhuynh/0_nicole/projects/hoh/hoh_ledger/src/core/services/notification/notification.service.ts","statementMap":{"0":{"start":{"line":13,"column":31},"end":{"line":13,"column":47}},"1":{"start":{"line":14,"column":29},"end":{"line":14,"column":43}},"2":{"start":{"line":21,"column":2},"end":{"line":47,"column":3}},"3":{"start":{"line":23,"column":4},"end":{"line":25,"column":5}},"4":{"start":{"line":24,"column":6},"end":{"line":24,"column":12}},"5":{"start":{"line":28,"column":19},"end":{"line":28,"column":41}},"6":{"start":{"line":29,"column":4},"end":{"line":29,"column":35}},"7":{"start":{"line":29,"column":29},"end":{"line":29,"column":35}},"8":{"start":{"line":32,"column":18},"end":{"line":32,"column":31}},"9":{"start":{"line":33,"column":4},"end":{"line":44,"column":6}},"10":{"start":{"line":42,"column":36},"end":{"line":42,"column":40}},"11":{"start":{"line":46,"column":4},"end":{"line":46,"column":43}},"12":{"start":{"line":55,"column":2},"end":{"line":106,"column":3}},"13":{"start":{"line":56,"column":21},"end":{"line":56,"column":48}},"14":{"start":{"line":59,"column":4},"end":{"line":61,"column":5}},"15":{"start":{"line":60,"column":6},"end":{"line":60,"column":12}},"16":{"start":{"line":64,"column":4},"end":{"line":66,"column":5}},"17":{"start":{"line":65,"column":6},"end":{"line":65,"column":12}},"18":{"start":{"line":69,"column":16},"end":{"line":69,"column":26}},"19":{"start":{"line":70,"column":25},"end":{"line":70,"column":71}},"20":{"start":{"line":71,"column":23},"end":{"line":71,"column":90}},"21":{"start":{"line":74,"column":19},"end":{"line":77,"column":5}},"22":{"start":{"line":80,"column":31},"end":{"line":82,"column":52}},"23":{"start":{"line":81,"column":22},"end":{"line":81,"column":43}},"24":{"start":{"line":82,"column":27},"end":{"line":82,"column":48}},"25":{"start":{"line":85,"column":27},"end":{"line":85,"column":101}},"26":{"start":{"line":87,"column":4},"end":{"line":103,"column":5}},"27":{"start":{"line":88,"column":26},"end":{"line":88,"column":89}},"28":{"start":{"line":89,"column":26},"end":{"line":89,"column":63}},"29":{"start":{"line":90,"column":27},"end":{"line":90,"column":68}},"30":{"start":{"line":92,"column":6},"end":{"line":102,"column":8}},"31":{"start":{"line":105,"column":4},"end":{"line":105,"column":43}},"32":{"start":{"line":114,"column":2},"end":{"line":114,"column":22}},"33":{"start":{"line":115,"column":2},"end":{"line":115,"column":20}}},"fnMap":{"0":{"name":"checkDraftReminder","decl":{"start":{"line":20,"column":16},"end":{"line":20,"column":34}},"loc":{"start":{"line":20,"column":43},"end":{"line":48,"column":1}},"line":20},"1":{"name":"(anonymous_1)","decl":{"start":{"line":42,"column":29},"end":{"line":42,"column":30}},"loc":{"start":{"line":42,"column":36},"end":{"line":42,"column":40}},"line":42},"2":{"name":"checkBudgetAlert","decl":{"start":{"line":54,"column":16},"end":{"line":54,"column":32}},"loc":{"start":{"line":54,"column":41},"end":{"line":107,"column":1}},"line":54},"3":{"name":"(anonymous_3)","decl":{"start":{"line":81,"column":14},"end":{"line":81,"column":15}},"loc":{"start":{"line":81,"column":22},"end":{"line":81,"column":43}},"line":81},"4":{"name":"(anonymous_4)","decl":{"start":{"line":82,"column":14},"end":{"line":82,"column":15}},"loc":{"start":{"line":82,"column":27},"end":{"line":82,"column":48}},"line":82},"5":{"name":"runAppLaunchTriggers","decl":{"start":{"line":113,"column":16},"end":{"line":113,"column":36}},"loc":{"start":{"line":113,"column":45},"end":{"line":116,"column":1}},"line":113}},"branchMap":{"0":{"loc":{"start":{"line":23,"column":4},"end":{"line":25,"column":5}},"type":"if","locations":[{"start":{"line":23,"column":4},"end":{"line":25,"column":5}},{"start":{},"end":{}}],"line":23},"1":{"loc":{"start":{"line":29,"column":4},"end":{"line":29,"column":35}},"type":"if","locations":[{"start":{"line":29,"column":4},"end":{"line":29,"column":35}},{"start":{},"end":{}}],"line":29},"2":{"loc":{"start":{"line":37,"column":15},"end":{"line":39,"column":44}},"type":"cond-expr","locations":[{"start":{"line":38,"column":10},"end":{"line":38,"column":36}},{"start":{"line":39,"column":10},"end":{"line":39,"column":44}}],"line":37},"3":{"loc":{"start":{"line":59,"column":4},"end":{"line":61,"column":5}},"type":"if","locations":[{"start":{"line":59,"column":4},"end":{"line":61,"column":5}},{"start":{},"end":{}}],"line":59},"4":{"loc":{"start":{"line":59,"column":8},"end":{"line":59,"column":67}},"type":"binary-expr","locations":[{"start":{"line":59,"column":8},"end":{"line":59,"column":36}},{"start":{"line":59,"column":40},"end":{"line":59,"column":67}}],"line":59},"5":{"loc":{"start":{"line":64,"column":4},"end":{"line":66,"column":5}},"type":"if","locations":[{"start":{"line":64,"column":4},"end":{"line":66,"column":5}},{"start":{},"end":{}}],"line":64},"6":{"loc":{"start":{"line":87,"column":4},"end":{"line":103,"column":5}},"type":"if","locations":[{"start":{"line":87,"column":4},"end":{"line":103,"column":5}},{"start":{},"end":{}}],"line":87}},"s":{"0":4,"1":4,"2":5,"3":5,"4":2,"5":3,"6":3,"7":1,"8":2,"9":2,"10":4,"11":0,"12":6,"13":6,"14":6,"15":3,"16":3,"17":1,"18":2,"19":2,"20":2,"21":2,"22":2,"23":4,"24":3,"25":2,"26":2,"27":1,"28":1,"29":1,"30":1,"31":0,"32":1,"33":1},"f":{"0":5,"1":4,"2":6,"3":4,"4":3,"5":1},"b":{"0":[2,3],"1":[1,2],"2":[1,1],"3":[3,3],"4":[6,4],"5":[1,2],"6":[1,1]},"_coverageSchema":"1a1c01bbd47fc00a2c39e90264f33305004495a9","hash":"162612d7554e5739af3c3699f789f42f8d89e6c3"}
,"/Users/parkhuynh/0_nicole/projects/hoh/hoh_ledger/src/core/services/transaction/index.ts": {"path":"/Users/parkhuynh/0_nicole/projects/hoh/hoh_ledger/src/core/services/transaction/index.ts","statementMap":{},"fnMap":{},"branchMap":{},"s":{},"f":{},"b":{},"_coverageSchema":"1a1c01bbd47fc00a2c39e90264f33305004495a9","hash":"5a10483e836b8846afe9a8fddae2242e5605befb"}
,"/Users/parkhuynh/0_nicole/projects/hoh/hoh_ledger/src/core/services/transaction/transaction.aggregations.ts": {"path":"/Users/parkhuynh/0_nicole/projects/hoh/hoh_ledger/src/core/services/transaction/transaction.aggregations.ts","statementMap":{"0":{"start":{"line":63,"column":16},"end":{"line":63,"column":39}},"1":{"start":{"line":64,"column":21},"end":{"line":64,"column":73}},"2":{"start":{"line":65,"column":2},"end":{"line":65,"column":35}},"3":{"start":{"line":72,"column":17},"end":{"line":72,"column":76}},"4":{"start":{"line":73,"column":2},"end":{"line":76,"column":5}},"5":{"start":{"line":73,"column":28},"end":{"line":76,"column":3}},"6":{"start":{"line":83,"column":23},"end":{"line":83,"column":81}},"7":{"start":{"line":84,"column":22},"end":{"line":84,"column":79}},"8":{"start":{"line":86,"column":18},"end":{"line":86,"column":46}},"9":{"start":{"line":87,"column":17},"end":{"line":87,"column":44}},"10":{"start":{"line":89,"column":2},"end":{"line":94,"column":3}},"11":{"start":{"line":101,"column":15},"end":{"line":101,"column":80}},"12":{"start":{"line":102,"column":2},"end":{"line":105,"column":5}},"13":{"start":{"line":102,"column":26},"end":{"line":105,"column":3}},"14":{"start":{"line":112,"column":15},"end":{"line":112,"column":78}},"15":{"start":{"line":113,"column":2},"end":{"line":117,"column":5}},"16":{"start":{"line":113,"column":26},"end":{"line":117,"column":3}},"17":{"start":{"line":124,"column":15},"end":{"line":124,"column":77}},"18":{"start":{"line":125,"column":2},"end":{"line":128,"column":5}},"19":{"start":{"line":125,"column":26},"end":{"line":128,"column":3}},"20":{"start":{"line":135,"column":15},"end":{"line":135,"column":86}},"21":{"start":{"line":136,"column":23},"end":{"line":136,"column":111}},"22":{"start":{"line":139,"column":24},"end":{"line":139,"column":49}},"23":{"start":{"line":140,"column":2},"end":{"line":142,"column":3}},"24":{"start":{"line":141,"column":4},"end":{"line":141,"column":58}},"25":{"start":{"line":145,"column":16},"end":{"line":145,"column":103}},"26":{"start":{"line":146,"column":2},"end":{"line":158,"column":3}},"27":{"start":{"line":147,"column":16},"end":{"line":147,"column":84}},"28":{"start":{"line":148,"column":16},"end":{"line":148,"column":44}},"29":{"start":{"line":150,"column":4},"end":{"line":150,"column":45}},"30":{"start":{"line":150,"column":29},"end":{"line":150,"column":45}},"31":{"start":{"line":151,"column":4},"end":{"line":154,"column":5}},"32":{"start":{"line":152,"column":6},"end":{"line":152,"column":23}},"33":{"start":{"line":153,"column":6},"end":{"line":153,"column":50}},"34":{"start":{"line":156,"column":4},"end":{"line":156,"column":26}},"35":{"start":{"line":157,"column":4},"end":{"line":157,"column":25}},"36":{"start":{"line":160,"column":2},"end":{"line":168,"column":7}},"37":{"start":{"line":161,"column":20},"end":{"line":161,"column":44}},"38":{"start":{"line":162,"column":24},"end":{"line":168,"column":5}},"39":{"start":{"line":205,"column":15},"end":{"line":205,"column":71}},"40":{"start":{"line":207,"column":18},"end":{"line":207,"column":72}},"41":{"start":{"line":208,"column":2},"end":{"line":216,"column":3}},"42":{"start":{"line":209,"column":16},"end":{"line":209,"column":65}},"43":{"start":{"line":210,"column":16},"end":{"line":210,"column":44}},"44":{"start":{"line":212,"column":4},"end":{"line":212,"column":45}},"45":{"start":{"line":212,"column":29},"end":{"line":212,"column":45}},"46":{"start":{"line":213,"column":4},"end":{"line":213,"column":47}},"47":{"start":{"line":213,"column":30},"end":{"line":213,"column":47}},"48":{"start":{"line":215,"column":4},"end":{"line":215,"column":29}},"49":{"start":{"line":218,"column":2},"end":{"line":224,"column":7}},"50":{"start":{"line":219,"column":20},"end":{"line":219,"column":44}},"51":{"start":{"line":220,"column":26},"end":{"line":224,"column":5}},"52":{"start":{"line":231,"column":15},"end":{"line":231,"column":70}},"53":{"start":{"line":232,"column":2},"end":{"line":235,"column":5}},"54":{"start":{"line":232,"column":26},"end":{"line":235,"column":3}},"55":{"start":{"line":242,"column":15},"end":{"line":242,"column":69}},"56":{"start":{"line":243,"column":2},"end":{"line":246,"column":5}},"57":{"start":{"line":243,"column":26},"end":{"line":246,"column":3}},"58":{"start":{"line":253,"column":15},"end":{"line":253,"column":59}},"59":{"start":{"line":255,"column":17},"end":{"line":255,"column":71}},"60":{"start":{"line":256,"column":2},"end":{"line":264,"column":3}},"61":{"start":{"line":257,"column":16},"end":{"line":257,"column":63}},"62":{"start":{"line":258,"column":16},"end":{"line":258,"column":44}},"63":{"start":{"line":260,"column":4},"end":{"line":260,"column":45}},"64":{"start":{"line":260,"column":29},"end":{"line":260,"column":45}},"65":{"start":{"line":261,"column":4},"end":{"line":261,"column":47}},"66":{"start":{"line":261,"column":30},"end":{"line":261,"column":47}},"67":{"start":{"line":263,"column":4},"end":{"line":263,"column":27}},"68":{"start":{"line":266,"column":2},"end":{"line":272,"column":7}},"69":{"start":{"line":267,"column":20},"end":{"line":267,"column":31}},"70":{"start":{"line":268,"column":25},"end":{"line":272,"column":5}},"71":{"start":{"line":303,"column":23},"end":{"line":303,"column":69}},"72":{"start":{"line":304,"column":22},"end":{"line":304,"column":67}},"73":{"start":{"line":306,"column":18},"end":{"line":306,"column":46}},"74":{"start":{"line":307,"column":17},"end":{"line":307,"column":44}},"75":{"start":{"line":309,"column":2},"end":{"line":313,"column":3}},"76":{"start":{"line":320,"column":15},"end":{"line":320,"column":67}},"77":{"start":{"line":321,"column":2},"end":{"line":324,"column":5}},"78":{"start":{"line":321,"column":26},"end":{"line":324,"column":3}},"79":{"start":{"line":331,"column":15},"end":{"line":331,"column":66}},"80":{"start":{"line":332,"column":2},"end":{"line":335,"column":5}},"81":{"start":{"line":332,"column":26},"end":{"line":335,"column":3}},"82":{"start":{"line":342,"column":18},"end":{"line":342,"column":65}},"83":{"start":{"line":343,"column":2},"end":{"line":343,"column":27}},"84":{"start":{"line":343,"column":16},"end":{"line":343,"column":27}},"85":{"start":{"line":344,"column":2},"end":{"line":344,"column":26}},"86":{"start":{"line":351,"column":2},"end":{"line":351,"column":52}}},"fnMap":{"0":{"name":"getThisMonthExpenseTotalDollar","decl":{"start":{"line":62,"column":22},"end":{"line":62,"column":52}},"loc":{"start":{"line":62,"column":88},"end":{"line":66,"column":1}},"line":62},"1":{"name":"getMonthlyExpenseTotalsDollar","decl":{"start":{"line":71,"column":22},"end":{"line":71,"column":51}},"loc":{"start":{"line":71,"column":108},"end":{"line":77,"column":1}},"line":71},"2":{"name":"(anonymous_2)","decl":{"start":{"line":73,"column":20},"end":{"line":73,"column":21}},"loc":{"start":{"line":73,"column":28},"end":{"line":76,"column":3}},"line":73},"3":{"name":"getMonthlySummaryDollar","decl":{"start":{"line":82,"column":22},"end":{"line":82,"column":45}},"loc":{"start":{"line":82,"column":98},"end":{"line":95,"column":1}},"line":82},"4":{"name":"getDailyExpenseTotalsDollarForMonth","decl":{"start":{"line":100,"column":22},"end":{"line":100,"column":57}},"loc":{"start":{"line":100,"column":115},"end":{"line":106,"column":1}},"line":100},"5":{"name":"(anonymous_5)","decl":{"start":{"line":102,"column":18},"end":{"line":102,"column":19}},"loc":{"start":{"line":102,"column":26},"end":{"line":105,"column":3}},"line":102},"6":{"name":"getMonthlyExpenseByCategoryDollar","decl":{"start":{"line":111,"column":22},"end":{"line":111,"column":55}},"loc":{"start":{"line":111,"column":120},"end":{"line":118,"column":1}},"line":111},"7":{"name":"(anonymous_7)","decl":{"start":{"line":113,"column":18},"end":{"line":113,"column":19}},"loc":{"start":{"line":113,"column":26},"end":{"line":117,"column":3}},"line":113},"8":{"name":"getMonthlyIncomeByCategoryDollar","decl":{"start":{"line":123,"column":22},"end":{"line":123,"column":54}},"loc":{"start":{"line":123,"column":118},"end":{"line":129,"column":1}},"line":123},"9":{"name":"(anonymous_9)","decl":{"start":{"line":125,"column":18},"end":{"line":125,"
[...]
,"end":{"line":40,"column":66}},"type":"cond-expr","locations":[{"start":{"line":40,"column":17},"end":{"line":40,"column":40}},{"start":{"line":40,"column":43},"end":{"line":40,"column":66}}],"line":40},"6":{"loc":{"start":{"line":50,"column":32},"end":{"line":50,"column":51}},"type":"binary-expr","locations":[{"start":{"line":50,"column":32},"end":{"line":50,"column":46}},{"start":{"line":50,"column":50},"end":{"line":50,"column":51}}],"line":50},"7":{"loc":{"start":{"line":51,"column":2},"end":{"line":51,"column":25}},"type":"if","locations":[{"start":{"line":51,"column":2},"end":{"line":51,"column":25}},{"start":{},"end":{}}],"line":51},"8":{"loc":{"start":{"line":52,"column":2},"end":{"line":52,"column":31}},"type":"if","locations":[{"start":{"line":52,"column":2},"end":{"line":52,"column":31}},{"start":{},"end":{}}],"line":52},"9":{"loc":{"start":{"line":53,"column":2},"end":{"line":57,"column":3}},"type":"if","locations":[{"start":{"line":53,"column":2},"end":{"line":57,"column":3}},{"start":{},"end":{}}],"line":53},"10":{"loc":{"start":{"line":56,"column":11},"end":{"line":56,"column":53}},"type":"cond-expr","locations":[{"start":{"line":56,"column":25},"end":{"line":56,"column":32}},{"start":{"line":56,"column":35},"end":{"line":56,"column":53}}],"line":56},"11":{"loc":{"start":{"line":66,"column":23},"end":{"line":66,"column":42}},"type":"binary-expr","locations":[{"start":{"line":66,"column":23},"end":{"line":66,"column":37}},{"start":{"line":66,"column":41},"end":{"line":66,"column":42}}],"line":66},"12":{"loc":{"start":{"line":67,"column":2},"end":{"line":67,"column":26}},"type":"if","locations":[{"start":{"line":67,"column":2},"end":{"line":67,"column":26}},{"start":{},"end":{}}],"line":67},"13":{"loc":{"start":{"line":70,"column":15},"end":{"line":70,"column":32}},"type":"cond-expr","locations":[{"start":{"line":70,"column":23},"end":{"line":70,"column":26}},{"start":{"line":70,"column":29},"end":{"line":70,"column":32}}],"line":70},"14":{"loc":{"start":{"line":72,"column":2},"end":{"line":77,"column":3}},"type":"if","locations":[{"start":{"line":72,"column":2},"end":{"line":77,"column":3}},{"start":{},"end":{}}],"line":72},"15":{"loc":{"start":{"line":75,"column":17},"end":{"line":75,"column":66}},"type":"cond-expr","locations":[{"start":{"line":75,"column":27},"end":{"line":75,"column":51}},{"start":{"line":75,"column":54},"end":{"line":75,"column":66}}],"line":75},"16":{"loc":{"start":{"line":88,"column":2},"end":{"line":91,"column":3}},"type":"if","locations":[{"start":{"line":88,"column":2},"end":{"line":91,"column":3}},{"start":{},"end":{}}],"line":88},"17":{"loc":{"start":{"line":90,"column":16},"end":{"line":90,"column":54}},"type":"cond-expr","locations":[{"start":{"line":90,"column":26},"end":{"line":90,"column":39}},{"start":{"line":90,"column":42},"end":{"line":90,"column":54}}],"line":90},"18":{"loc":{"start":{"line":92,"column":2},"end":{"line":95,"column":3}},"type":"if","locations":[{"start":{"line":92,"column":2},"end":{"line":95,"column":3}},{"start":{},"end":{}}],"line":92},"19":{"loc":{"start":{"line":94,"column":16},"end":{"line":94,"column":54}},"type":"cond-expr","locations":[{"start":{"line":94,"column":26},"end":{"line":94,"column":39}},{"start":{"line":94,"column":42},"end":{"line":94,"column":54}}],"line":94}},"s":{"0":7,"1":0,"2":0,"3":0,"4":0,"5":0,"6":0,"7":0,"8":5,"9":5,"10":3,"11":3,"12":1,"13":2,"14":2,"15":0,"16":0,"17":0,"18":0,"19":0,"20":0,"21":0,"22":0,"23":0,"24":0,"25":0,"26":0,"27":0,"28":0,"29":0,"30":0,"31":0,"32":0,"33":0,"34":6,"35":6,"36":2,"37":2,"38":4,"39":2,"40":2,"41":2},"f":{"0":7,"1":0,"2":5,"3":3,"4":0,"5":0,"6":6},"b":{"0":[0,0],"1":[0,0],"2":[5,0],"3":[3,1],"4":[1,2],"5":[1,1],"6":[0,0],"7":[0,0],"8":[0,0],"9":[0,0],"10":[0,0],"11":[0,0],"12":[0,0],"13":[0,0],"14":[0,0],"15":[0,0],"16":[2,4],"17":[1,1],"18":[2,2],"19":[1,1]},"_coverageSchema":"1a1c01bbd47fc00a2c39e90264f33305004495a9","hash":"efc25bf77d00df98144831864993162dac49dadb"}
,"/Users/parkhuynh/0_nicole/projects/hoh/hoh_ledger/src/shared/format/date.ts": {"path":"/Users/parkhuynh/0_nicole/projects/hoh/hoh_ledger/src/shared/format/date.ts","statementMap":{"0":{"start":{"line":5,"column":2},"end":{"line":5,"column":34}},"1":{"start":{"line":12,"column":2},"end":{"line":12,"column":55}},"2":{"start":{"line":19,"column":18},"end":{"line":19,"column":67}},"3":{"start":{"line":20,"column":16},"end":{"line":20,"column":63}},"4":{"start":{"line":21,"column":2},"end":{"line":21,"column":46}},"5":{"start":{"line":28,"column":2},"end":{"line":28,"column":77}},"6":{"start":{"line":35,"column":2},"end":{"line":35,"column":76}},"7":{"start":{"line":43,"column":2},"end":{"line":45,"column":3}},"8":{"start":{"line":44,"column":4},"end":{"line":44,"column":13}},"9":{"start":{"line":47,"column":16},"end":{"line":49,"column":18}},"10":{"start":{"line":51,"column":14},"end":{"line":51,"column":28}},"11":{"start":{"line":53,"column":14},"end":{"line":53,"column":29}},"12":{"start":{"line":54,"column":18},"end":{"line":54,"column":41}},"13":{"start":{"line":55,"column":15},"end":{"line":55,"column":40}},"14":{"start":{"line":57,"column":2},"end":{"line":57,"column":20}},"15":{"start":{"line":58,"column":2},"end":{"line":58,"column":29}},"16":{"start":{"line":58,"column":19},"end":{"line":58,"column":29}},"17":{"start":{"line":60,"column":2},"end":{"line":60,"column":54}},"18":{"start":{"line":68,"column":2},"end":{"line":70,"column":3}},"19":{"start":{"line":69,"column":4},"end":{"line":69,"column":13}},"20":{"start":{"line":72,"column":16},"end":{"line":74,"column":18}},"21":{"start":{"line":76,"column":2},"end":{"line":76,"column":41}},"22":{"start":{"line":84,"column":24},"end":{"line":84,"column":44}},"23":{"start":{"line":85,"column":2},"end":{"line":85,"column":39}},"24":{"start":{"line":85,"column":23},"end":{"line":85,"column":39}},"25":{"start":{"line":87,"column":15},"end":{"line":87,"column":63}},"26":{"start":{"line":88,"column":20},"end":{"line":88,"column":68}},"27":{"start":{"line":90,"column":2},"end":{"line":90,"column":31}},"28":{"start":{"line":98,"column":2},"end":{"line":98,"column":33}},"29":{"start":{"line":98,"column":13},"end":{"line":98,"column":33}},"30":{"start":{"line":99,"column":20},"end":{"line":99,"column":68}},"31":{"start":{"line":100,"column":2},"end":{"line":100,"column":60}},"32":{"start":{"line":107,"column":2},"end":{"line":107,"column":43}},"33":{"start":{"line":114,"column":20},"end":{"line":114,"column":39}},"34":{"start":{"line":115,"column":21},"end":{"line":115,"column":37}},"35":{"start":{"line":116,"column":18},"end":{"line":116,"column":35}},"36":{"start":{"line":117,"column":19},"end":{"line":117,"column":33}},"37":{"start":{"line":118,"column":2},"end":{"line":118,"column":65}}},"fnMap":{"0":{"name":"pad2","decl":{"start":{"line":4,"column":16},"end":{"line":4,"column":20}},"loc":{"start":{"line":4,"column":40},"end":{"line":6,"column":1}},"line":4},"1":{"name":"monthKey","decl":{"start":{"line":11,"column":16},"end":{"line":11,"column":24}},"loc":{"start":{"line":11,"column":42},"end":{"line":13,"column":1}},"line":11},"2":{"name":"formatDayHeader","decl":{"start":{"line":18,"column":16},"end":{"line":18,"column":31}},"loc":{"start":{"line":18,"column":49},"end":{"line":22,"column":1}},"line":18},"3":{"name":"isSameMonth","decl":{"start":{"line":27,"column":16},"end":{"line":27,"column":27}},"loc":{"start":{"line":27,"column":55},"end":{"line":29,"column":1}},"line":27},"4":{"name":"ymd","decl":{"start":{"line":34,"column":16},"end":{"line":34,"column":19}},"loc":{"start":{"line":34,"column":37},"end":{"line":36,"column":1}},"line":34},"5":{"name":"formatTransactionRowDate","decl":{"start":{"line":42,"column":16},"end":{"line":42,"column":40}},"loc":{"start":{"line":42,"column":61},"end":{"line":61,"column":1}},"line":42},"6":{"name":"formatMonthSectionTitle","decl":{"start":{"line":67,"column":16},"end":{"line":67,"column":39}},"loc":{"start":{"line":67,"column":60},"end":{"line":77,"column":1}},"line":67},"7":{"name":"formatYearMonth","decl":{"start":{"line":83,"column":16},"end":{"line":83,"column":31}},"loc":{"start":{"line":83,"column":59},"end":{"line":91,"column":1}},"line":83},"8":{"name":"formatTrackingSince","decl":{"start":{"line":97,"column":16},"end":{"line":97,"column":35}},"loc":{"start":{"line":97,"column":63},"end":{"line":101,"column":1}},"line":97},"9":{"name":"getDaysInMonth","decl":{"start":{"line":106,"column":16},"end":{"line":106,"column":30}},"loc":{"start":{"line":106,"column":68},"end":{"line":108,"column":1}},"line":106},"10":{"name":"getMonthsElapsed","decl":{"start":{"line":113,"column":16},"end":{"line":113,"column":32}},"loc":{"start":{"line":113,"column":65},"end":{"line":119,"column":1}},"line":113}},"branchMap":{"0":{"loc":{"start":{"line":5,"column":9},"end":{"line":5,"column":34}},"type":"cond-expr","locations":[{"start":{"line":5,"column":18},"end":{"line":5,"column":25}},{"start":{"line":5,"column":28},"end":{"line":5,"column":34}}],"line":5},"1":{"loc":{"start":{"line":28,"column":9},"end":{"line":28,"column":77}},"type":"binary-expr","locations":[{"start":{"line":28,"column":9},"end":{"line":28,"column":44}},{"start":{"line":28,"column":48},"end":{"line":28,"column":77}}],"line":28},"2":{"loc":{"start":{"line":43,"column":2},"end":{"line":45,"column":3}},"type":"if","locations":[{"start":{"line":43,"column":2},"end":{"line":45,"column":3}},{"start":{},"end":{}}],"line":43},"3":{"loc":{"start":{"line":43,"column":6},"end":{"line":43,"column":61}},"type":"binary-expr","locations":[{"start":{"line":43,"column":6},"end":{"line":43,"column":29}},{"start":{"line":43,"column":33},"end":{"line":43,"column":61}}],"line":43},"4":{"loc":{"start":{"line":55,"column":15},"end":{"line":55,"column":40}},"type":"cond-expr","locations":[{"start":{"line":55,"column":29},"end":{"line":55,"column":33}},{"start":{"line":55,"column":36},"end":{"line":55,"column":40}}],"line":55},"5":{"loc":{"start":{"line":58,"column":2},"end":{"line":58,"column":29}},"type":"if","locations":[{"start":{"line":58,"column":2},"end":{"line":58,"column":29}},{"start":{},"end":{}}],"line":58},"6":{"loc":{"start":{"line":68,"column":2},"end":{"line":70,"column":3}},"type":"if","locations":[{"start":{"line":68,"column":2},"end":{"line":70,"column":3}},{"start":{},"end":{}}],"line":68},"7":{"loc":{"start":{"line":68,"column":6},"end":{"line":68,"column":61}},"type":"binary-expr","locations":[{"start":{"line":68,"column":6},"end":{"line":68,"column":29}},{"start":{"line":68,"column":33},"end":{"line":68,"column":61}}],"line":68},"8":{"loc":{"start":{"line":85,"column":2},"end":{"line":85,"column":39}},"type":"if","locations":[{"start":{"line":85,"column":2},"end":{"line":85,"column":39}},{"start":{},"end":{}}],"line":85},"9":{"loc":{"start":{"line":85,"column":6},"end":{"line":85,"column":21}},"type":"binary-expr","locations":[{"start":{"line":85,"column":6},"end":{"line":85,"column":11}},{"start":{"line":85,"column":15},"end":{"line":85,"column":21}}],"line":85},"10":{"loc":{"start":{"line":98,"column":2},"end":{"line":98,"column":33}},"type":"if","locations":[{"start":{"line":98,"column":2},"end":{"line":98,"column":33}},{"start":{},"end":{}}],"line":98}},"s":{"0":0,"1":0,"2":0,"3":0,"4":0,"5":0,"6":0,"7":0,"8":0,"9":0,"10":0,"11":0,"12":0,"13":0,"14":0,"15":0,"16":0,"17":0,"18":0,"19":0,"20":0,"21":0,"22":3,"23":3,"24":1,"25":2,"26":2,"27":2,"28":2,"29":1,"30":1,"31":1,"32":4,"33":3,"34":3,"35":3,"36":3,"37":3},"f":{"0":0,"1":0,"2":0,"3":0,"4":0,"5":0,"6":0,"7":3,"8":2,"9":4,"10":3},"b":{"0":[0,0],"1":[0,0],"2":[0,0],"3":[0,0],"4":[0,0],"5":[0,0],"6":[0,0],"7":[0,0],"8":[1,2],"9":[3,3],"10":[1,1]},"_coverageSchema":"1a1c01bbd47fc00a2c39e90264f33305004495a9","hash":"adda3bdb28027c75b4f576aefb9c7508839b9430"}
,"/Users/parkhuynh/0_nicole/projects/hoh/hoh_ledger/src/shared/store/settings.store.ts": {"path":"/Users/parkhuynh/0_nicole/projects/hoh/hoh_ledger/src/shared/store/settings.store.ts","statementMap":{"0":{"start":{"line":22,"column":32},"end":{"line":30,"column":3}},"1":{"start":{"line":22,"column":64},"end":{"line":30,"column":1}},"2":{"start":{"line":27,"column":38},"end":{"line":27,"column":74}},"3":{"start":{"line":28,"column":42},"end":{"line":28,"column":110}},"4":{"start":{"line":29,"column":37},"end":{"line":29,"column":85}}},"fnMap":{"0":{"name":"(anonymous_0)","decl":{"start":{"line":22,"column":54},"end":{"line":22,"column":55}},"loc":{"start":{"line":22,"column":64},"end":{"line":30,"column":1}},"line":22},"1":{"name":"(anonymous_1)","decl":{"start":{"line":27,"column":25},"end":{"line":27,"column":26}},"loc":{"start":{"line":27,"column":38},"end":{"line":27,"column":74}},"line":27},"2":{"name":"(anonymous_2)","decl":{"start":{"line":28,"column":27},"end":{"line":28,"column":28}},"loc":{"start":{"line":28,"column":42},"end":{"line":28,"column":110}},"line":28},"3":{"name":"(anonymous_3)","decl":{"start":{"line":29,"column":20},"end":{"line":29,"column":21}},"loc":{"start":{"line":29,"column":37},"end":{"line":29,"column":85}},"line":29}},"branchMap":{},"s":{"0":3,"1":3,"2":0,"3":0,"4":0},"f":{"0":3,"1":0,"2":0,"3":0},"b":{},"_coverageSchema":"1a1c01bbd47fc00a2c39e90264f33305004495a9","hash":"0ef06f46dd5771ab60776bfea4f11ae13ab849c8"}
,"/Users/parkhuynh/0_nicole/projects/hoh/hoh_ledger/src/shared/utils/logger.ts": {"path":"/Users/parkhuynh/0_nicole/projects/hoh/hoh_ledger/src/shared/utils/logger.ts","statementMap":{"0":{"start":{"line":33,"column":19},"end":{"line":42,"column":10}},"1":{"start":{"line":44,"column":45},"end":{"line":49,"column":1}},"2":{"start":{"line":54,"column":2},"end":{"line":54,"column":73}},"3":{"start":{"line":58,"column":21},"end":{"line":58,"column":50}},"4":{"start":{"line":59,"column":2},"end":{"line":59,"column":66}},"5":{"start":{"line":77,"column":22},"end":{"line":133,"column":1}},"6":{"start":{"line":83,"column":4},"end":{"line":83,"column":35}},"7":{"start":{"line":83,"column":29},"end":{"line":83,"column":35}},"8":{"start":{"line":84,"column":4},"end":{"line":84,"column":68}},"9":{"start":{"line":92,"column":4},"end":{"line":92,"column":34}},"10":{"start":{"line":92,"column":28},"end":{"line":92,"column":34}},"11":{"start":{"line":93,"column":4},"end":{"line":93,"column":68}},"12":{"start":{"line":100,"column":4},"end":{"line":100,"column":34}},"13":{"start":{"line":100,"column":28},"end":{"line":100,"column":34}},"14":{"start":{"line":101,"column":4},"end":{"line":101,"column":68}},"15":{"start":{"line":113,"column":4},"end":{"line":113,"column":35}},"16":{"start":{"line":113,"column":29},"end":{"line":113,"column":35}},"17":{"start":{"line":115,"column":25},"end":{"line":115,"column":61}},"18":{"start":{"line":117,"column":4},"end":{"line":126,"column":5}},"19":{"start":{"line":118,"column":6},"end":{"line":121,"column":8}},"20":{"start":{"line":122,"column":11},"end":{"line":126,"column":5}},"21":{"start":{"line":123,"column":6},"end":{"line":123,"column":40}},"22":{"start":{"line":125,"column":6},"end":{"line":125,"column":33}},"23":{"start":{"line":151,"column":18},"end":{"line":151,"column":74}},"24":{"start":{"line":152,"column":2},"end":{"line":152,"column":35}}},"fnMap":{"0":{"name":"shouldLog","decl":{"start":{"line":53,"column":9},"end":{"line":53,"column":18}},"loc":{"start":{"line":53,"column":45},"end":{"line":55,"column":1}},"line":53},"1":{"name":"formatMessage","decl":{"start":{"line":57,"column":9},"end":{"line":57,"column":22}},"loc":{"start":{"line":57,"column":78},"end":{"line":60,"column":1}},"line":57},"2":{"name":"(anonymous_2)","decl":{"start":{"line":82,"column":2},"end":{"line":82,"column":3}},"loc":{"start":{"line":82,"column":66},"end":{"line":85,"column":3}},"line":82},"3":{"name":"(anonymous_3)","decl":{"start":{"line":91,"column":2},"end":{"line":91,"column":3}},"loc":{"start":{"line":91,"column":65},"end":{"line":94,"column":3}},"line":91},"4":{"name":"(anonymous_4)","decl":{"start":{"line":99,"column":2},"end":{"line":99,"column":3}},"loc":{"start":{"line":99,"column":65},"end":{"line":102,"column":3}},"line":99},"5":{"name":"(anonymous_5)","decl":{"start":{"line":112,"column":2},"end":{"line":112,"column":3}},"loc":{"start":{"line":112,"column":61},"end":{"line":132,"column":3}},"line":112},"6":{"name":"logError","decl":{"start":{"line":150,"column":16},"end":{"line":150,"column":24}},"loc":{"start":{"line":150,"column":60},"end":{"line":153,"column":1}},"line":150}},"branchMap":{"0":{"loc":{"start":{"line":35,"column":12},"end":{"line":35,"column":39}},"type":"cond-expr","locations":[{"start":{"line":35,"column":22},"end":{"line":35,"column":29}},{"start":{"line":35,"column":32},"end":{"line":35,"column":39}}],"line":35},"1":{"loc":{"start":{"line":83,"column":4},"end":{"line":83,"column":35}},"type":"if","locations":[{"start":{"line":83,"column":4},"end":{"line":83,"column":35}},{"start":{},"end":{}}],"line":83},"2":{"loc":{"start":{"line":84,"column":54},"end":{"line":84,"column":67}},"type":"binary-expr","locations":[{"start":{"line":84,"column":54},"end":{"line":84,"column":61}},{"start":{"line":84,"column":65},"end":{"line":84,"column":67}}],"line":84},"3":{"loc":{"start":{"line":92,"column":4},"end":{"line":92,"column":34}},"type":"if","locations":[{"start":{"line":92,"column":4},"end":{"line":92,"column":34}},{"start":{},"end":{}}],"line":92},"4":{"loc":{"start":{"line":93,"column":54},"end":{"line":93,"column":67}},"type":"binary-expr","locations":[{"start":{"line":93,"column":54},"end":{"line":93,"column":61}},{"start":{"line":93,"column":65},"end":{"line":93,"column":67}}],"line":93},"5":{"loc":{"start":{"line":100,"column":4},"end":{"line":100,"column":34}},"type":"if","locations":[{"start":{"line":100,"column":4},"end":{"line":100,"column":34}},{"start":{},"end":{}}],"line":100},"6":{"loc":{"start":{"line":101,"column":54},"end":{"line":101,"column":67}},"type":"binary-expr","locations":[{"start":{"line":101,"column":54},"end":{"line":101,"column":61}},{"start":{"line":101,"column":65},"end":{"line":101,"column":67}}],"line":101},"7":{"loc":{"start":{"line":113,"column":4},"end":{"line":113,"column":35}},"type":"if","locations":[{"start":{"line":113,"column":4},"end":{"line":113,"column":35}},{"start":{},"end":{}}],"line":113},"8":{"loc":{"start":{"line":117,"column":4},"end":{"line":126,"column":5}},"type":"if","locations":[{"start":{"line":117,"column":4},"end":{"line":126,"column":5}},{"start":{"line":122,"column":11},"end":{"line":126,"column":5}}],"line":117},"9":{"loc":{"start":{"line":122,"column":11},"end":{"line":126,"column":5}},"type":"if","locations":[{"start":{"line":122,"column":11},"end":{"line":126,"column":5}},{"start":{"line":124,"column":11},"end":{"line":126,"column":5}}],"line":122},"10":{"loc":{"start":{"line":151,"column":18},"end":{"line":151,"column":74}},"type":"cond-expr","locations":[{"start":{"line":151,"column":43},"end":{"line":151,"column":56}},{"start":{"line":151,"column":59},"end":{"line":151,"column":74}}],"line":151}},"s":{"0":3,"1":3,"2":0,"3":0,"4":0,"5":3,"6":0,"7":0,"8":0,"9":0,"10":0,"11":0,"12":0,"13":0,"14":0,"15":0,"16":0,"17":0,"18":0,"19":0,"20":0,"21":0,"22":0,"23":0,"24":0},"f":{"0":0,"1":0,"2":0,"3":0,"4":0,"5":0,"6":0},"b":{"0":[3,0],"1":[0,0],"2":[0,0],"3":[0,0],"4":[0,0],"5":[0,0],"6":[0,0],"7":[0,0],"8":[0,0],"9":[0,0],"10":[0,0]},"_coverageSchema":"1a1c01bbd47fc00a2c39e90264f33305004495a9","hash":"006c23806cb4a03027551045a2b3591641d0cf58"}
,"/Users/parkhuynh/0_nicole/projects/hoh/hoh_ledger/src/shared/utils/uuid.ts": {"path":"/Users/parkhuynh/0_nicole/projects/hoh/hoh_ledger/src/shared/utils/uuid.ts","statementMap":{"0":{"start":{"line":5,"column":2},"end":{"line":5,"column":17}}},"fnMap":{"0":{"name":"uuid","decl":{"start":{"line":4,"column":16},"end":{"line":4,"column":20}},"loc":{"start":{"line":4,"column":31},"end":{"line":6,"column":1}},"line":4}},"branchMap":{},"s":{"0":0},"f":{"0":0},"b":{},"_coverageSchema":"1a1c01bbd47fc00a2c39e90264f33305004495a9","hash":"1691a2ea48174da3493e0303ad519b904e633394"}
}
