TN:
SF:src/core/domain/account/account.model.ts
FN:7,accountNatureSortRank
FN:18,accountKindSortRank
FN:40,isAssetAccount
FN:44,isLiabilityAccount
FN:48,isCashAccount
FN:52,isCreditCard
FNF:6
FNH:6
FNDA:5,accountNatureSortRank
FNDA:12,accountKindSortRank
FNDA:3,isAssetAccount
FNDA:2,isLiabilityAccount
FNDA:3,isCashAccount
FNDA:3,isCreditCard
DA:8,5
DA:10,2
DA:12,2
DA:14,1
DA:19,12
DA:21,2
DA:23,2
DA:25,2
DA:27,2
DA:29,1
DA:31,1
DA:33,2
DA:41,3
DA:45,2
DA:49,3
DA:53,3
LF:16
LH:16
BRDA:8,0,0,2
BRDA:8,0,1,2
BRDA:8,0,2,1
BRDA:19,1,0,2
BRDA:19,1,1,2
BRDA:19,1,2,2
BRDA:19,1,3,2
BRDA:19,1,4,1
BRDA:19,1,5,1
BRDA:19,1,6,2
BRF:10
BRH:10
end_of_record
TN:
SF:src/core/domain/account/account.schema.ts
FN:52,parseAccountNature
FN:62,parseAccountKind
FN:72,validateAccountRow
FNF:3
FNH:2
FNDA:12,parseAccountNature
FNDA:17,parseAccountKind
FNDA:0,validateAccountRow
DA:10,2
DA:12,2
DA:24,2
DA:38,2
DA:53,12
DA:54,12
DA:55,7
DA:63,17
DA:64,17
DA:65,7
DA:73,0
LF:11
LH:10
BRDA:54,0,0,5
BRDA:54,0,1,7
BRDA:64,1,0,10
BRDA:64,1,1,7
BRF:4
BRH:4
end_of_record
TN:
SF:src/core/domain/asset/asset.model.ts
FN:40,getFieldSortOrder
FN:52,getCategorySortOrder
FN:53,(anonymous_2)
FN:60,getCategoryMeta
FN:61,(anonymous_4)
FN:67,getCategoriesForField
FN:68,(anonymous_6)
FN:74,isLiquidifiableCategory
FN:82,isLiquidifiable
FN:91,createEmptySummary
FN:129,getLiquidityHealth
FN:146,formatLiquidityMonths
FNF:12
FNH:12
FNDA:14,getFieldSortOrder
FNDA:10,getCategorySortOrder
FNDA:34,(anonymous_2)
FNDA:2,getCategoryMeta
FNDA:11,(anonymous_4)
FNDA:3,getCategoriesForField
FNDA:24,(anonymous_6)
FNDA:6,isLiquidifiableCategory
FNDA:3,isLiquidifiable
FNDA:3,createEmptySummary
FNDA:10,getLiquidityHealth
FNDA:8,formatLiquidityMonths
DA:14,2
DA:31,2
DA:41,14
DA:42,2
DA:43,9
DA:44,2
DA:45,1
DA:53,34
DA:54,10
DA:61,11
DA:68,24
DA:75,6
DA:84,3
DA:85,2
DA:92,3
DA:119,2
DA:133,10
DA:135,8
DA:137,8
DA:138,6
DA:139,4
DA:140,2
DA:150,8
DA:152,6
DA:154,6
DA:155,4
DA:156,2
LF:27
LH:27
BRDA:41,0,0,2
BRDA:41,0,1,9
BRDA:41,0,2,2
BRDA:41,0,3,1
BRDA:54,1,0,9
BRDA:54,1,1,1
BRDA:84,2,0,1
BRDA:84,2,1,2
BRDA:133,3,0,2
BRDA:133,3,1,8
BRDA:137,4,0,2
BRDA:137,4,1,6
BRDA:138,5,0,2
BRDA:138,5,1,4
BRDA:139,6,0,2
BRDA:139,6,1,2
BRDA:150,7,0,2
BRDA:150,7,1,6
BRDA:154,8,0,2
BRDA:154,8,1,4
BRDA:155,9,0,2
BRDA:155,9,1,2
BRF:22
BRH:22
end_of_record
TN:
SF:src/core/domain/asset/asset.schema.ts
FN:56,parseAssetField
FN:66,parseAssetCategory
FN:76,parseFamilyMemberRole
FNF:3
FNH:3
FNDA:11,parseAssetField
FNDA:13,parseAssetCategory
FNDA:11,parseFamilyMemberRole
DA:10,3
DA:12,3
DA:26,3
DA:30,3
DA:39,3
DA:57,11
DA:58,11
DA:59,6
DA:67,13
DA:68,13
DA:69,7
DA:77,11
DA:78,11
DA:79,7
LF:14
LH:14
BRDA:58,0,0,5
BRDA:58,0,1,6
BRDA:68,1,0,6
BRDA:68,1,1,7
BRDA:78,2,0,4
BRDA:78,2,1,7
BRF:6
BRH:6
end_of_record
TN:
SF:src/core/domain/asset/asset.types.ts
FNF:0
FNH:0
DA:95,2
LF:1
LH:1
BRF:0
BRH:0
end_of_record
TN:
SF:src/core/domain/asset/index.ts
FNF:0
FNH:0
LF:0
LH:0
BRF:0
BRH:0
end_of_record
TN:
SF:src/core/domain/category/category.constants.ts
FNF:0
FNH:0
DA:15,3
DA:20,3
LF:2
LH:2
BRF:0
BRH:0
end_of_record
TN:
SF:src/core/domain/category/category.model.ts
FN:5,normalizeSubKeyFromDbKey
FN:14,isValidCategoryRef
FN:36,assertValidCategoryRef
FNF:3
FNH:0
FNDA:0,normalizeSubKeyFromDbKey
FNDA:0,isValidCategoryRef
FNDA:0,assertValidCategoryRef
DA:6,0
DA:7,0
DA:15,0
DA:18,0
DA:19,0
DA:20,0
DA:23,0
DA:24,0
DA:27,0
DA:28,0
DA:29,0
DA:32,0
DA:33,0
DA:37,0
DA:38,0
LF:15
LH:0
BRDA:7,0,0,0
BRDA:7,0,1,0
BRDA:15,1,0,0
BRDA:15,1,1,0
BRDA:18,2,0,0
BRDA:18,2,1,0
BRDA:19,3,0,0
BRDA:19,3,1,0
BRDA:19,4,0,0
BRDA:19,4,1,0
BRDA:20,5,0,0
BRDA:20,5,1,0
BRDA:20,6,0,0
BRDA:20,6,1,0
BRDA:24,7,0,0
BRDA:24,7,1,0
BRDA:29,8,0,0
BRDA:29,8,1,0
BRDA:32,9,0,0
BRDA:32,9,1,0
BRDA:32,10,0,0
BRDA:32,10,1,0
BRDA:37,11,0,0
BRDA:37,11,1,0
BRDA:38,12,0,0
BRDA:38,12,1,0
BRF:26
BRH:0
end_of_record
TN:
SF:src/core/domain/category/category.schema.ts
FN:18,parseCategoryType
FNF:1
FNH:1
FNDA:8,parseCategoryType
DA:10,4
DA:19,8
DA:20,8
DA:21,5
LF:4
LH:4
BRDA:20,0,0,3
BRDA:20,0,1,5
BRF:2
BRH:2
end_of_record
TN:
SF:src/core/domain/category/index.ts
FNF:0
FNH:0
LF:0
LH:0
BRF:0
BRH:0
end_of_record
TN:
SF:src/core/domain/common/money.ts
FN:1,centsToDollars
FN:5,dollarsToCents
FNF:2
FNH:2
FNDA:109,centsToDollars
FNDA:16,dollarsToCents
DA:2,109
DA:6,16
LF:2
LH:2
BRDA:2,0,0,106
BRDA:2,0,1,3
BRDA:6,1,0,13
BRDA:6,1,1,3
BRF:4
BRH:4
end_of_record
TN:
SF:src/core/domain/notification/notification.schema.ts
FN:29,parseNotificationType
FN:39,parseSystemNotificationSubtype
FN:49,parseNotificationTab
FN:59,parseTimeGroup
FNF:4
FNH:4
FNDA:3,parseNotificationType
FNDA:4,parseSystemNotificationSubtype
FNDA:4,parseNotificationTab
FNDA:7,parseTimeGroup
DA:10,1
DA:12,1
DA:19,1
DA:21,1
DA:30,3
DA:31,3
DA:32,2
DA:40,4
DA:41,4
DA:42,2
DA:50,4
DA:51,4
DA:52,2
DA:60,7
DA:61,7
DA:62,2
LF:16
LH:16
BRDA:31,0,0,1
BRDA:31,0,1,2
BRDA:41,1,0,2
BRDA:41,1,1,2
BRDA:51,2,0,2
BRDA:51,2,1,2
BRDA:61,3,0,5
BRDA:61,3,1,2
BRF:8
BRH:8
end_of_record
TN:
SF:src/core/domain/price-tracker/price-tracker.schema.ts
FN:36,parseStoreCategory
FN:46,parseItemCategory
FNF:2
FNH:2
FNDA:6,parseStoreCategory
FNDA:6,parseItemCategory
DA:10,1
DA:18,1
DA:37,6
DA:38,6
DA:39,3
DA:47,6
DA:48,6
DA:49,3
LF:8
LH:8
BRDA:38,0,0,3
BRDA:38,0,1,3
BRDA:48,1,0,3
BRDA:48,1,1,3
BRF:4
BRH:4
end_of_record
TN:
SF:src/core/domain/tag/tag.schema.ts
FN:18,parseTagCategory
FNF:1
FNH:1
FNDA:9,parseTagCategory
DA:10,1
DA:19,9
DA:20,9
DA:21,5
LF:4
LH:4
BRDA:20,0,0,4
BRDA:20,0,1,5
BRF:2
BRH:2
end_of_record
TN:
SF:src/core/domain/transaction/index.ts
FNF:0
FNH:0
LF:0
LH:0
BRF:0
BRH:0
end_of_record
TN:
SF:src/core/domain/transaction/transaction.model.ts
FN:5,createTransaction
FNF:1
FNH:0
FNDA:0,createTransaction
DA:6,0
DA:7,0
DA:10,0
DA:11,0
DA:14,0
DA:15,0
DA:16,0
DA:18,0
DA:19,0
DA:23,0
DA:24,0
DA:28,0
DA:29,0
DA:32,0
LF:14
LH:0
BRDA:6,0,0,0
BRDA:6,0,1,0
BRDA:6,1,0,0
BRDA:6,1,1,0
BRDA:10,2,0,0
BRDA:10,2,1,0
BRDA:10,3,0,0
BRDA:10,3,1,0
BRDA:14,4,0,0
BRDA:14,4,1,0
BRDA:15,5,0,0
BRDA:15,5,1,0
BRDA:15,6,0,0
BRDA:15,6,1,0
BRDA:18,7,0,0
BRDA:18,7,1,0
BRDA:23,8,0,0
BRDA:23,8,1,0
BRDA:23,9,0,0
BRDA:23,9,1,0
BRDA:28,10,0,0
BRDA:28,10,1,0
BRF:22
BRH:0
end_of_record
TN:
SF:src/core/domain/transaction/transaction.schema.ts
FN:45,parseTransactionType
FN:55,validateTransactionRow
FNF:2
FNH:1
FNDA:17,parseTransactionType
FNDA:0,validateTransactionRow
DA:10,5
DA:14,5
DA:21,5
DA:46,17
DA:47,17
DA:48,8
DA:56,0
LF:7
LH:6
BRDA:47,0,0,9
BRDA:47,0,1,8
BRF:2
BRH:2
end_of_record
TN:
SF:src/core/domain/transaction/transaction.utils.ts
FN:11,isExpense
FN:18,isIncome
FN:25,isTransfer
FN:33,safeDate
FN:43,transactionAmount
FN:54,currentMonthYYYYMM
FN:63,slugify
FN:75,buildTxKey
FN:91,getDaysInMonth
FN:100,getYearProgressMonths
FNF:10
FNH:8
FNDA:3,isExpense
FNDA:2,isIncome
FNDA:2,isTransfer
FNDA:3,safeDate
FNDA:0,transactionAmount
FNDA:4,currentMonthYYYYMM
FNDA:3,slugify
FNDA:0,buildTxKey
FNDA:15,getDaysInMonth
FNDA:8,getYearProgressMonths
DA:12,3
DA:19,2
DA:26,2
DA:34,3
DA:37,3
DA:44,0
DA:55,4
DA:56,4
DA:57,4
DA:64,3
DA:81,0
DA:82,0
DA:83,0
DA:84,0
DA:85,0
DA:92,15
DA:101,8
DA:102,8
DA:103,8
DA:104,8
LF:20
LH:14
BRDA:34,0,0,1
BRDA:34,0,1,2
BRDA:37,1,0,1
BRDA:37,1,1,2
BRDA:54,2,0,0
BRDA:82,3,0,0
BRDA:82,3,1,0
BRDA:83,4,0,0
BRDA:83,4,1,0
BRF:9
BRH:4
end_of_record
TN:
SF:src/core/services/account/account.service.ts
FN:39,getActiveAccounts
FN:59,resolveAccountIdByKey
FNF:2
FNH:2
FNDA:2,getActiveAccounts
FNDA:1,resolveAccountIdByKey
DA:40,2
DA:60,1
LF:2
LH:2
BRF:0
BRH:0
end_of_record
TN:
SF:src/core/services/account/index.ts
FNF:0
FNH:0
LF:0
LH:0
BRF:0
BRH:0
end_of_record
TN:
SF:src/core/services/asset/asset.service.ts
FN:22,getCurrentYearMonth
FN:32,getFamilyMembers
FN:34,(anonymous_2)
FN:46,getFamilyMemberById
FN:53,createFamilyMember
FN:59,(anonymous_5)
FN:75,getAssetItems
FN:78,(anonymous_7)
FN:95,getAssetItemsGrouped
FN:117,createAssetItem
FN:124,(anonymous_10)
FN:125,(anonymous_11)
FN:141,setBalance
FN:149,getBalancesForMonth
FN:161,getSummary
FN:169,getTrend
FN:176,getGoal
FN:184,setGoal
FN:191,getGoalProgress
FN:240,getAssetProjection
FN:330,suggestAnnualGoal
FN:363,getYearsWithData
FNF:22
FNH:10
FNDA:4,getCurrentYearMonth
FNDA:2,getFamilyMembers
FNDA:4,(anonymous_2)
FNDA:0,getFamilyMemberById
FNDA:0,createFamilyMember
FNDA:0,(anonymous_5)
FNDA:2,getAssetItems
FNDA:5,(anonymous_7)
FNDA:1,getAssetItemsGrouped
FNDA:0,createAssetItem
FNDA:0,(anonymous_10)
FNDA:0,(anonymous_11)
FNDA:0,setBalance
FNDA:0,getBalancesForMonth
FNDA:3,getSummary
FNDA:0,getTrend
FNDA:3,getGoal
FNDA:0,setGoal
FNDA:3,getGoalProgress
FNDA:0,getAssetProjection
FNDA:2,suggestAnnualGoal
FNDA:0,getYearsWithData
DA:23,4
DA:24,4
DA:25,4
DA:26,4
DA:33,2
DA:34,2
DA:36,4
DA:37,2
DA:39,2
DA:47,0
DA:58,0
DA:59,0
DA:61,0
DA:76,2
DA:78,2
DA:80,5
DA:81,5
DA:84,3
DA:85,3
DA:88,1
DA:96,1
DA:97,1
DA:99,1
DA:100,3
DA:101,1
DA:103,3
DA:105,3
DA:106,2
DA:108,3
DA:111,1
DA:123,0
DA:124,0
DA:125,0
DA:127,0
DA:142,0
DA:150,0
DA:151,0
DA:152,0
DA:153,0
DA:155,0
DA:162,3
DA:163,3
DA:170,0
DA:177,3
DA:178,3
DA:185,0
DA:198,3
DA:199,3
DA:200,3
DA:201,3
DA:203,3
DA:204,1
DA:213,2
DA:214,2
DA:219,2
DA:220,2
DA:221,2
DA:222,2
DA:224,2
DA:241,0
DA:242,0
DA:243,0
DA:244,0
DA:247,0
DA:248,0
DA:251,0
DA:252,0
DA:253,0
DA:256,0
DA:259,0
DA:262,0
DA:263,0
DA:266,0
DA:267,0
DA:269,0
DA:270,0
DA:271,0
DA:275,0
DA:276,0
DA:279,0
DA:280,0
DA:283,0
DA:284,0
DA:285,0
DA:286,0
DA:287,0
DA:295,0
DA:296,0
DA:297,0
DA:299,0
DA:300,0
DA:302,0
DA:303,0
DA:304,0
DA:312,0
DA:340,2
DA:341,2
DA:343,2
DA:344,2
DA:345,2
DA:347,2
DA:351,2
DA:364,0
LF:103
LH:50
BRDA:36,0,0,2
BRDA:36,0,1,2
BRDA:37,1,0,1
BRDA:37,1,1,1
BRDA:59,2,0,0
BRDA:59,2,1,0
BRDA:81,3,0,2
BRDA:81,3,1,3
BRDA:85,4,0,2
BRDA:85,4,1,1
BRDA:100,5,0,1
BRDA:100,5,1,2
BRDA:105,6,0,2
BRDA:105,6,1,1
BRDA:125,7,0,0
BRDA:125,7,1,0
BRDA:132,8,0,0
BRDA:132,8,1,0
BRDA:162,9,0,3
BRDA:162,9,1,0
BRDA:169,10,0,0
BRDA:177,11,0,3
BRDA:177,11,1,0
BRDA:198,12,0,3
BRDA:198,12,1,3
BRDA:203,13,0,1
BRDA:203,13,1,2
BRDA:214,14,0,2
BRDA:214,14,1,0
BRDA:241,15,0,0
BRDA:241,15,1,0
BRDA:248,16,0,0
BRDA:248,16,1,0
BRDA:253,17,0,0
BRDA:253,17,1,0
BRDA:256,18,0,0
BRDA:256,18,1,0
BRDA:266,19,0,0
BRDA:266,19,1,0
BRDA:267,20,0,0
BRDA:267,20,1,0
BRDA:270,21,0,0
BRDA:270,21,1,0
BRDA:276,22,0,0
BRDA:276,22,1,0
BRDA:284,23,0,0
BRDA:284,23,1,0
BRDA:284,24,0,0
BRDA:284,24,1,0
BRDA:297,25,0,0
BRDA:297,25,1,0
BRDA:302,26,0,0
BRDA:302,26,1,0
BRDA:302,27,0,0
BRDA:302,27,1,0
BRDA:341,28,0,1
BRDA:341,28,1,1
BRDA:347,29,0,1
BRDA:347,29,1,1
BRF:59
BRH:23
end_of_record
TN:
SF:src/core/services/asset/index.ts
FNF:0
FNH:0
LF:0
LH:0
BRF:0
BRH:0
end_of_record
TN:
SF:src/core/services/notification/index.ts
FNF:0
FNH:0
LF:0
LH:0
BRF:0
BRH:0
end_of_record
TN:
SF:src/core/services/notification/notification.service.ts
FN:20,checkDraftReminder
FN:42,(anonymous_1)
FN:54,checkBudgetAlert
FN:81,(anonymous_3)
FN:82,(anonymous_4)
FN:113,runAppLaunchTriggers
FNF:6
FNH:6
FNDA:5,checkDraftReminder
FNDA:4,(anonymous_1)
FNDA:6,checkBudgetAlert
FNDA:4,(anonymous_3)
FNDA:3,(anonymous_4)
FNDA:1,runAppLaunchTriggers
DA:13,4
DA:14,4
DA:21,5
DA:23,5
DA:24,2
DA:28,3
DA:29,3
DA:32,2
DA:33,2
DA:42,4
DA:46,0
DA:55,6
DA:56,6
DA:59,6
DA:60,3
DA:64,3
DA:65,1
DA:69,2
DA:70,2
DA:71,2
DA:74,2
DA:80,2
DA:81,4
DA:82,3
DA:85,2
DA:87,2
DA:88,1
DA:89,1
DA:90,1
DA:92,1
DA:105,0
DA:114,1
DA:115,1
LF:33
LH:31
BRDA:23,0,0,2
BRDA:23,0,1,3
BRDA:29,1,0,1
BRDA:29,1,1,2
BRDA:37,2,0,1
BRDA:37,2,1,1
BRDA:59,3,0,3
BRDA:59,3,1,3
BRDA:59,4,0,6
BRDA:59,4,1,4
BRDA:64,5,0,1
BRDA:64,5,1,2
BRDA:87,6,0,1
BRDA:87,6,1,1
BRF:14
BRH:14
end_of_record
TN:
SF:src/core/services/transaction/index.ts
FNF:0
FNH:0
LF:0
LH:0
BRF:0
BRH:0
end_of_record
TN:
SF:src/core/services/transaction/transaction.aggregations.ts
FN:62,getThisMonthExpenseTotalDollar
FN:71,getMonthlyExpenseTotalsDollar
FN:73,(anonymous_2)
FN:82,getMonthlySummaryDollar
FN:100,getDailyExpenseTotalsDollarForMonth
FN:102,(anonymous_5)
FN:111,getMonthlyExpenseByCategoryDollar
FN:113,(anonymous_7)
FN:123,getMonthlyIncomeByCategoryDollar
FN:125,(anonymous_9)
FN:134,getDailyFlowDollarForMonth
FN:161,(anonymous_11)
FN:162,(anonymous_12)
FN:204,getMonthlyFlowDollarForYear
FN:219,(anonymous_14)
FN:220,(anonymous_15)
FN:230,getYearlyExpenseByCategoryDollar
FN:232,(anonymous_17)
FN:241,getYearlyIncomeByCategoryDollar
FN:243,(anonymous_19)
FN:252,getYearlyFlowTotalsDollar
FN:267,(anonymous_21)
FN:268,(anonymous_22)
FN:302,getAllTimeSummaryDollar
FN:319,getAllTimeExpenseByCategoryDollar
FN:321,(anonymous_25)
FN:330,getAllTimeIncomeByCategoryDollar
FN:332,(anonymous_27)
FN:341,getFirstTransactionDate
FN:350,getDistinctMonthCount
FNF:30
FNH:11
FNDA:2,getThisMonthExpenseTotalDollar
FNDA:1,getMonthlyExpenseTotalsDollar
FNDA:3,(anonymous_2)
FNDA:2,getMonthlySummaryDollar
FNDA:0,getDailyExpenseTotalsDollarForMonth
FNDA:0,(anonymous_5)
FNDA:0,getMonthlyExpenseByCategoryDollar
FNDA:0,(anonymous_7)
FNDA:0,getMonthlyIncomeByCategoryDollar
FNDA:0,(anonymous_9)
FNDA:2,getDailyFlowDollarForMonth
FNDA:5,(anonymous_11)
FNDA:5,(anonymous_12)
FNDA:1,getMonthlyFlowDollarForYear
FNDA:1,(anonymous_14)
FNDA:2,(anonymous_15)
FNDA:0,getYearlyExpenseByCategoryDollar
FNDA:0,(anonymous_17)
FNDA:0,getYearlyIncomeByCategoryDollar
FNDA:0,(anonymous_19)
FNDA:0,getYearlyFlowTotalsDollar
FNDA:0,(anonymous_21)
FNDA:0,(anonymous_22)
FNDA:1,getAllTimeSummaryDollar
FNDA:0,getAllTimeExpenseByCategoryDollar
FNDA:0,(anonymous_25)
FNDA:0,getAllTimeIncomeByCategoryDollar
FNDA:0,(anonymous_27)
FNDA:0,getFirstTransactionDate
FNDA:0,getDistinctMonthCount
DA:63,2
DA:64,2
DA:65,2
DA:72,1
DA:73,3
DA:83,2
DA:84,2
DA:86,2
DA:87,2
DA:89,2
DA:101,0
DA:102,0
DA:112,0
DA:113,0
DA:124,0
DA:125,0
DA:135,2
DA:136,2
DA:139,2
DA:140,2
DA:141,2
DA:145,2
DA:146,2
DA:147,6
DA:148,6
DA:150,6
DA:151,6
DA:152,5
DA:153,5
DA:156,6
DA:157,6
DA:160,2
DA:161,5
DA:162,5
DA:205,1
DA:207,1
DA:208,1
DA:209,4
DA:210,4
DA:212,4
DA:213,4
DA:215,4
DA:218,1
DA:219,1
DA:220,2
DA:231,0
DA:232,0
DA:242,0
DA:243,0
DA:253,0
DA:255,0
DA:256,0
DA:257,0
DA:258,0
DA:260,0
DA:261,0
DA:263,0
DA:266,0
DA:267,0
DA:268,0
DA:303,1
DA:304,1
DA:306,1
DA:307,1
DA:309,1
DA:320,0
DA:321,0
DA:331,0
DA:332,0
DA:342,0
DA:343,0
DA:344,0
DA:351,0
LF:73
LH:44
BRDA:62,0,0,2
BRDA:71,1,0,1
BRDA:147,2,0,6
BRDA:147,2,1,5
BRDA:150,3,0,1
BRDA:150,3,1,5
BRDA:151,4,0,5
BRDA:151,4,1,1
BRDA:153,5,0,5
BRDA:153,5,1,3
BRDA:209,6,0,4
BRDA:209,6,1,2
BRDA:212,7,0,2
BRDA:212,7,1,2
BRDA:213,8,0,2
BRDA:213,8,1,2
BRDA:257,9,0,0
BRDA:257,9,1,0
BRDA:260,10,0,0
BRDA:260,10,1,0
BRDA:261,11,0,0
BRDA:261,11,1,0
BRDA:343,12,0,0
BRDA:343,12,1,0
BRF:24
BRH:16
end_of_record
TN:
SF:src/core/services/transaction/transaction.crud.ts
FN:31,addTransaction
FN:99,getTransactions
FN:107,getTransactionsInRange
FN:125,getTransactionsForDate
FN:132,getTransactionById
FN:139,getTransfersForMonth
FN:150,updateTransaction
FN:212,removeTransaction
FN:220,restoreTransaction
FNF:9
FNH:0
FNDA:0,addTransaction
FNDA:0,getTransactions
FNDA:0,getTransactionsInRange
FNDA:0,getTransactionsForDate
FNDA:0,getTransactionById
FNDA:0,getTransfersForMonth
FNDA:0,updateTransaction
FNDA:0,removeTransaction
FNDA:0,restoreTransaction
DA:35,0
DA:39,0
DA:48,0
DA:64,0
DA:77,0
DA:80,0
DA:81,0
DA:85,0
DA:86,0
DA:89,0
DA:100,0
DA:112,0
DA:113,0
DA:114,0
DA:116,0
DA:117,0
DA:119,0
DA:126,0
DA:133,0
DA:140,0
DA:155,0
DA:157,0
DA:158,0
DA:159,0
DA:162,0
DA:177,0
DA:190,0
DA:193,0
DA:194,0
DA:198,0
DA:199,0
DA:202,0
DA:213,0
DA:221,0
DA:224,0
DA:225,0
LF:36
LH:0
BRDA:35,0,0,0
BRDA:35,0,1,0
BRDA:39,1,0,0
BRDA:39,1,1,0
BRDA:39,2,0,0
BRDA:39,2,1,0
BRDA:64,3,0,0
BRDA:64,3,1,0
BRDA:80,4,0,0
BRDA:80,4,1,0
BRDA:80,5,0,0
BRDA:80,5,1,0
BRDA:85,6,0,0
BRDA:85,6,1,0
BRDA:99,7,0,0
BRDA:110,8,0,0
BRDA:113,9,0,0
BRDA:113,9,1,0
BRDA:114,10,0,0
BRDA:114,10,1,0
BRDA:125,11,0,0
BRDA:139,12,0,0
BRDA:155,13,0,0
BRDA:155,13,1,0
BRDA:158,14,0,0
BRDA:158,14,1,0
BRDA:177,15,0,0
BRDA:177,15,1,0
BRDA:193,16,0,0
BRDA:193,16,1,0
BRDA:193,17,0,0
BRDA:193,17,1,0
BRDA:198,18,0,0
BRDA:198,18,1,0
BRDA:224,19,0,0
BRDA:224,19,1,0
BRDA:224,20,0,0
BRDA:224,20,1,0
BRF:38
BRH:0
end_of_record
TN:
SF:src/core/services/transaction/transaction.insights.ts
FN:36,getPersonalBests
FN:124,calculateStreaks
FN:129,(anonymous_2)
FN:167,getCumulativeNetData
FN:184,(anonymous_4)
FNF:5
FNH:5
FNDA:7,getPersonalBests
FNDA:7,calculateStreaks
FNDA:14,(anonymous_2)
FNDA:3,getCumulativeNetData
FNDA:6,(anonymous_4)
DA:37,7
DA:38,7
DA:41,7
DA:42,7
DA:43,7
DA:44,37
DA:45,37
DA:46,16
DA:47,16
DA:49,21
DA:50,21
DA:51,21
DA:56,7
DA:57,7
DA:58,7
DA:59,21
DA:60,11
DA:62,21
DA:63,12
DA:68,7
DA:69,7
DA:70,21
DA:71,13
DA:76,7
DA:79,7
DA:80,7
DA:81,7
DA:82,0
DA:83,0
DA:84,0
DA:85,0
DA:87,0
DA:88,0
DA:89,0
DA:94,7
DA:95,7
DA:96,7
DA:97,0
DA:98,0
DA:103,7
DA:104,7
DA:105,0
DA:106,0
DA:110,7
DA:128,7
DA:129,14
DA:131,7
DA:132,7
DA:133,7
DA:134,7
DA:136,7
DA:137,21
DA:138,11
DA:139,11
DA:140,11
DA:141,11
DA:142,10
DA:145,10
DA:146,10
DA:147,10
DA:151,7
DA:168,3
DA:171,3
DA:172,3
DA:173,9
DA:174,9
DA:175,9
DA:176,6
DA:178,3
DA:183,3
DA:184,6
DA:186,3
DA:187,3
DA:189,3
DA:190,6
DA:191,6
DA:198,3
LF:77
LH:66
BRDA:45,0,0,16
BRDA:45,0,1,21
BRDA:46,1,0,16
BRDA:46,1,1,16
BRDA:49,2,0,21
BRDA:49,2,1,5
BRDA:59,3,0,11
BRDA:59,3,1,10
BRDA:59,4,0,21
BRDA:59,4,1,14
BRDA:62,5,0,12
BRDA:62,5,1,9
BRDA:62,6,0,21
BRDA:62,6,1,14
BRDA:70,7,0,13
BRDA:70,7,1,8
BRDA:70,8,0,21
BRDA:70,8,1,14
BRDA:83,9,0,0
BRDA:83,9,1,0
BRDA:84,10,0,0
BRDA:84,10,1,0
BRDA:87,11,0,0
BRDA:87,11,1,0
BRDA:97,12,0,0
BRDA:97,12,1,0
BRDA:97,13,0,0
BRDA:97,13,1,0
BRDA:97,13,2,0
BRDA:105,14,0,0
BRDA:105,14,1,0
BRDA:105,15,0,0
BRDA:105,15,1,0
BRDA:105,15,2,0
BRDA:111,16,0,5
BRDA:111,16,1,2
BRDA:111,17,0,7
BRDA:111,17,1,7
BRDA:112,18,0,0
BRDA:112,18,1,7
BRDA:112,19,0,7
BRDA:112,19,1,0
BRDA:113,20,0,7
BRDA:113,20,1,0
BRDA:113,21,0,7
BRDA:113,21,1,7
BRDA:114,22,0,0
BRDA:114,22,1,7
BRDA:114,23,0,7
BRDA:114,23,1,0
BRDA:137,24,0,11
BRDA:137,24,1,10
BRDA:141,25,0,10
BRDA:141,25,1,1
BRDA:154,26,0,4
BRDA:154,26,1,3
BRDA:174,27,0,9
BRDA:174,27,1,6
BRDA:175,28,0,6
BRDA:175,28,1,3
BRF:60
BRH:39
end_of_record
TN:
SF:src/core/services/transaction/transaction.projections.ts
FN:53,getMonthlyProjection
FN:110,getYearlyProjection
FN:175,calculateYearOverYear
FNF:3
FNH:3
FNDA:3,getMonthlyProjection
FNDA:5,getYearlyProjection
FNDA:4,calculateYearOverYear
DA:54,3
DA:55,3
DA:56,3
DA:58,3
DA:59,3
DA:61,3
DA:62,3
DA:63,3
DA:66,3
DA:67,0
DA:80,3
DA:81,3
DA:83,3
DA:84,3
DA:85,3
DA:87,3
DA:91,3
DA:111,5
DA:112,5
DA:115,5
DA:116,5
DA:117,5
DA:120,5
DA:123,5
DA:124,1
DA:139,4
DA:140,4
DA:142,4
DA:143,4
DA:144,4
DA:146,4
DA:151,4
DA:158,4
DA:181,4
DA:182,4
DA:183,4
DA:184,4
DA:185,4
DA:188,4
DA:189,1
DA:192,3
DA:193,3
DA:196,3
DA:200,3
LF:44
LH:43
BRDA:53,0,0,0
BRDA:66,1,0,0
BRDA:66,1,1,3
BRDA:87,2,0,2
BRDA:87,2,1,1
BRDA:110,3,0,0
BRDA:120,4,0,5
BRDA:120,4,1,0
BRDA:123,5,0,1
BRDA:123,5,1,4
BRDA:146,6,0,3
BRDA:146,6,1,1
BRDA:188,7,0,1
BRDA:188,7,1,3
BRDA:188,8,0,4
BRDA:188,8,1,2
BRDA:193,9,0,2
BRDA:193,9,1,1
BRDA:196,10,0,3
BRDA:196,10,1,0
BRF:20
BRH:15
end_of_record
TN:
SF:src/infrastructure/mappers/account.mapper.ts
FN:21,rowToAccount
FNF:1
FNH:1
FNDA:4,rowToAccount
DA:22,4
LF:1
LH:1
BRF:0
BRH:0
end_of_record
TN:
SF:src/infrastructure/mappers/asset.mapper.ts
FN:50,rowToFamilyMember
FN:61,rowToAssetItem
FN:74,rowToAssetBalance
FN:83,rowToAssetGoal
FNF:4
FNH:4
FNDA:3,rowToFamilyMember
FNDA:3,rowToAssetItem
FNDA:1,rowToAssetBalance
FNDA:2,rowToAssetGoal
DA:51,3
DA:62,3
DA:75,1
DA:84,2
LF:4
LH:4
BRDA:89,0,0,2
BRDA:89,0,1,1
BRF:2
BRH:2
end_of_record
TN:
SF:src/infrastructure/mappers/draft.mapper.ts
FN:34,rowToDraft
FN:77,draftToRow
FNF:2
FNH:2
FNDA:6,rowToDraft
FNDA:4,draftToRow
DA:36,6
DA:46,6
DA:47,4
DA:48,4
DA:49,3
DA:50,2
DA:57,6
DA:78,4
LF:8
LH:8
BRDA:36,0,0,2
BRDA:36,0,1,4
BRDA:36,1,0,6
BRDA:36,1,1,3
BRDA:40,2,0,2
BRDA:40,2,1,0
BRDA:46,3,0,4
BRDA:46,3,1,2
BRDA:49,4,0,2
BRDA:49,4,1,1
BRDA:49,5,0,3
BRDA:49,5,1,3
BRDA:60,6,0,6
BRDA:60,6,1,1
BRDA:61,7,0,6
BRDA:61,7,1,1
BRDA:62,8,0,6
BRDA:62,8,1,4
BRDA:63,9,0,6
BRDA:63,9,1,4
BRDA:66,10,0,6
BRDA:66,10,1,4
BRDA:67,11,0,6
BRDA:67,11,1,1
BRDA:68,12,0,6
BRDA:68,12,1,4
BRDA:81,13,0,4
BRDA:81,13,1,1
BRDA:82,14,0,4
BRDA:82,14,1,1
BRDA:84,15,0,4
BRDA:84,15,1,2
BRDA:85,16,0,4
BRDA:85,16,1,2
BRDA:86,17,0,2
BRDA:86,17,1,2
BRDA:86,18,0,4
BRDA:86,18,1,3
BRDA:87,19,0,4
BRDA:87,19,1,2
BRDA:88,20,0,4
BRDA:88,20,1,2
BRDA:89,21,0,4
BRDA:89,21,1,2
BRDA:90,22,0,4
BRDA:90,22,1,2
BRDA:92,23,0,4
BRDA:92,23,1,2
BRDA:94,24,0,2
BRDA:94,24,1,2
BRF:50
BRH:49
end_of_record
TN:
SF:src/infrastructure/mappers/notification.mapper.ts
FN:27,rowToNotification
FN:53,notificationToRow
FNF:2
FNH:2
FNDA:6,rowToNotification
FNDA:5,notificationToRow
DA:29,6
DA:30,3
DA:31,3
DA:37,6
DA:54,5
LF:5
LH:5
BRDA:29,0,0,3
BRDA:29,0,1,3
BRDA:40,1,0,6
BRDA:40,1,1,3
BRDA:59,2,0,2
BRDA:59,2,1,3
BRDA:61,3,0,2
BRDA:61,3,1,3
BRDA:62,4,0,5
BRDA:62,4,1,3
BRDA:63,5,0,2
BRDA:63,5,1,3
BRDA:64,6,0,1
BRDA:64,6,1,4
BRF:14
BRH:14
end_of_record
TN:
SF:src/infrastructure/mappers/price-tracker.mapper.ts
FN:78,rowToStore
FN:92,rowToTrackedItem
FN:105,rowToPricePoint
FN:118,rowToPricePointWithStore
FN:127,rowToTransactionItem
FN:144,storeToRow
FN:158,trackedItemToRow
FN:171,pricePointToRow
FN:184,transactionItemToRow
FNF:9
FNH:9
FNDA:3,rowToStore
FNDA:2,rowToTrackedItem
FNDA:5,rowToPricePoint
FNDA:2,rowToPricePointWithStore
FNDA:2,rowToTransactionItem
FNDA:3,storeToRow
FNDA:1,trackedItemToRow
FNDA:3,pricePointToRow
FNDA:2,transactionItemToRow
DA:79,3
DA:93,2
DA:106,5
DA:119,2
DA:128,2
DA:145,3
DA:159,1
DA:172,3
DA:185,2
LF:9
LH:9
BRDA:82,0,0,3
BRDA:82,0,1,1
BRDA:84,1,0,3
BRDA:84,1,1,1
BRDA:85,2,0,3
BRDA:85,2,1,1
BRDA:98,3,0,2
BRDA:98,3,1,1
BRDA:99,4,0,2
BRDA:99,4,1,1
BRDA:113,5,0,5
BRDA:113,5,1,3
BRDA:114,6,0,5
BRDA:114,6,1,3
BRDA:123,7,0,2
BRDA:123,7,1,1
BRDA:131,8,0,2
BRDA:131,8,1,1
BRDA:135,9,0,2
BRDA:135,9,1,1
BRDA:148,10,0,3
BRDA:148,10,1,1
BRDA:150,11,0,3
BRDA:150,11,1,1
BRDA:151,12,0,3
BRDA:151,12,1,1
BRDA:152,13,0,2
BRDA:152,13,1,1
BRDA:153,14,0,1
BRDA:153,14,1,2
BRDA:164,15,0,1
BRDA:164,15,1,0
BRDA:165,16,0,1
BRDA:165,16,1,0
BRDA:166,17,0,1
BRDA:166,17,1,0
BRDA:167,18,0,0
BRDA:167,18,1,1
BRDA:179,19,0,3
BRDA:179,19,1,1
BRDA:180,20,0,3
BRDA:180,20,1,1
BRDA:188,21,0,2
BRDA:188,21,1,1
BRDA:192,22,0,2
BRDA:192,22,1,1
BRF:46
BRH:42
end_of_record
TN:
SF:src/infrastructure/mappers/transaction.mapper.ts
FN:42,rowToTransaction
FN:84,transactionToRow
FNF:2
FNH:2
FNDA:7,rowToTransaction
FNDA:4,transactionToRow
DA:48,7
DA:50,7
DA:65,7
DA:66,1
DA:74,6
DA:88,4
DA:103,4
DA:104,1
DA:112,3
LF:9
LH:9
BRDA:55,0,0,3
BRDA:55,0,1,4
BRDA:55,1,0,7
BRDA:55,1,1,4
BRDA:57,2,0,1
BRDA:57,2,1,6
BRDA:58,3,0,7
BRDA:58,3,1,6
BRDA:59,4,0,7
BRDA:59,4,1,6
BRDA:60,5,0,7
BRDA:60,5,1,7
BRDA:61,6,0,1
BRDA:61,6,1,6
BRDA:62,7,0,1
BRDA:62,7,1,6
BRDA:62,8,0,7
BRDA:62,8,1,1
BRDA:65,9,0,1
BRDA:65,9,1,6
BRDA:93,10,0,4
BRDA:93,10,1,3
BRDA:96,11,0,4
BRDA:96,11,1,3
BRDA:97,12,0,4
BRDA:97,12,1,3
BRDA:98,13,0,4
BRDA:98,13,1,3
BRDA:99,14,0,4
BRDA:99,14,1,4
BRDA:100,15,0,1
BRDA:100,15,1,3
BRDA:103,16,0,1
BRDA:103,16,1,3
BRF:34
BRH:34
end_of_record
TN:
SF:src/shared/config/categories.config.ts
FN:428,(anonymous_0)
FN:440,(anonymous_1)
FN:441,(anonymous_2)
FNF:3
FNH:3
FNDA:66,(anonymous_0)
FNDA:66,(anonymous_1)
FNDA:18,(anonymous_2)
DA:14,3
DA:186,3
DA:428,66
DA:439,3
DA:440,66
DA:441,18
LF:6
LH:6
BRDA:435,0,0,66
BRDA:435,0,1,0
BRDA:440,1,0,66
BRDA:440,1,1,18
BRF:4
BRH:3
end_of_record
TN:
SF:src/shared/format/currency.ts
FN:4,withCommas
FN:12,formatCurrency
FN:27,formatUsdInt
FN:36,formatSignedUsdInt
FN:49,formatCompactUsd
FN:65,formatSignedUsdCompact
FN:86,formatCompactAmount
FNF:7
FNH:4
FNDA:7,withCommas
FNDA:0,formatCurrency
FNDA:5,formatUsdInt
FNDA:3,formatSignedUsdInt
FNDA:0,formatCompactUsd
FNDA:0,formatSignedUsdCompact
FNDA:6,formatCompactAmount
DA:5,7
DA:13,0
DA:15,0
DA:16,0
DA:17,0
DA:18,0
DA:20,0
DA:28,5
DA:29,5
DA:37,3
DA:38,3
DA:39,2
DA:40,2
DA:50,0
DA:51,0
DA:52,0
DA:53,0
DA:54,0
DA:56,0
DA:58,0
DA:66,0
DA:67,0
DA:69,0
DA:70,0
DA:72,0
DA:73,0
DA:75,0
DA:76,0
DA:79,0
DA:87,6
DA:88,6
DA:89,2
DA:90,2
DA:92,4
DA:93,2
DA:94,2
DA:96,2
LF:37
LH:15
BRDA:13,0,0,0
BRDA:13,0,1,0
BRDA:17,1,0,0
BRDA:17,1,1,0
BRDA:28,2,0,5
BRDA:28,2,1,0
BRDA:37,3,0,3
BRDA:37,3,1,1
BRDA:38,4,0,1
BRDA:38,4,1,2
BRDA:40,5,0,1
BRDA:40,5,1,1
BRDA:50,6,0,0
BRDA:50,6,1,0
BRDA:51,7,0,0
BRDA:51,7,1,0
BRDA:52,8,0,0
BRDA:52,8,1,0
BRDA:53,9,0,0
BRDA:53,9,1,0
BRDA:56,10,0,0
BRDA:56,10,1,0
BRDA:66,11,0,0
BRDA:66,11,1,0
BRDA:67,12,0,0
BRDA:67,12,1,0
BRDA:70,13,0,0
BRDA:70,13,1,0
BRDA:72,14,0,0
BRDA:72,14,1,0
BRDA:75,15,0,0
BRDA:75,15,1,0
BRDA:88,16,0,2
BRDA:88,16,1,4
BRDA:90,17,0,1
BRDA:90,17,1,1
BRDA:92,18,0,2
BRDA:92,18,1,2
BRDA:94,19,0,1
BRDA:94,19,1,1
BRF:40
BRH:15
end_of_record
TN:
SF:src/shared/format/date.ts
FN:4,pad2
FN:11,monthKey
FN:18,formatDayHeader
FN:27,isSameMonth
FN:34,ymd
FN:42,formatTransactionRowDate
FN:67,formatMonthSectionTitle
FN:83,formatYearMonth
FN:97,formatTrackingSince
FN:106,getDaysInMonth
FN:113,getMonthsElapsed
FNF:11
FNH:4
FNDA:0,pad2
FNDA:0,monthKey
FNDA:0,formatDayHeader
FNDA:0,isSameMonth
FNDA:0,ymd
FNDA:0,formatTransactionRowDate
FNDA:0,formatMonthSectionTitle
FNDA:3,formatYearMonth
FNDA:2,formatTrackingSince
FNDA:4,getDaysInMonth
FNDA:3,getMonthsElapsed
DA:5,0
DA:12,0
DA:19,0
DA:20,0
DA:21,0
DA:28,0
DA:35,0
DA:43,0
DA:44,0
DA:47,0
DA:51,0
DA:53,0
DA:54,0
DA:55,0
DA:57,0
DA:58,0
DA:60,0
DA:68,0
DA:69,0
DA:72,0
DA:76,0
DA:84,3
DA:85,3
DA:87,2
DA:88,2
DA:90,2
DA:98,2
DA:99,1
DA:100,1
DA:107,4
DA:114,3
DA:115,3
DA:116,3
DA:117,3
DA:118,3
LF:35
LH:14
BRDA:5,0,0,0
BRDA:5,0,1,0
BRDA:28,1,0,0
BRDA:28,1,1,0
BRDA:43,2,0,0
BRDA:43,2,1,0
BRDA:43,3,0,0
BRDA:43,3,1,0
BRDA:55,4,0,0
BRDA:55,4,1,0
BRDA:58,5,0,0
BRDA:58,5,1,0
BRDA:68,6,0,0
BRDA:68,6,1,0
BRDA:68,7,0,0
BRDA:68,7,1,0
BRDA:85,8,0,1
BRDA:85,8,1,2
BRDA:85,9,0,3
BRDA:85,9,1,3
BRDA:98,10,0,1
BRDA:98,10,1,1
BRF:22
BRH:6
end_of_record
TN:
SF:src/shared/store/settings.store.ts
FN:22,(anonymous_0)
FN:27,(anonymous_1)
FN:28,(anonymous_2)
FN:29,(anonymous_3)
FNF:4
FNH:1
FNDA:3,(anonymous_0)
FNDA:0,(anonymous_1)
FNDA:0,(anonymous_2)
FNDA:0,(anonymous_3)
DA:22,3
DA:27,0
DA:28,0
DA:29,0
LF:4
LH:1
BRF:0
BRH:0
end_of_record
TN:
SF:src/shared/utils/logger.ts
FN:53,shouldLog
FN:57,formatMessage
FN:82,(anonymous_2)
FN:91,(anonymous_3)
FN:99,(anonymous_4)
FN:112,(anonymous_5)
FN:150,logError
FNF:7
FNH:0
FNDA:0,shouldLog
FNDA:0,formatMessage
FNDA:0,(anonymous_2)
FNDA:0,(anonymous_3)
FNDA:0,(anonymous_4)
FNDA:0,(anonymous_5)
FNDA:0,logError
DA:33,3
DA:44,3
DA:54,0
DA:58,0
DA:59,0
DA:77,3
DA:83,0
DA:84,0
DA:92,0
DA:93,0
DA:100,0
DA:101,0
DA:113,0
DA:115,0
DA:117,0
DA:118,0
DA:122,0
DA:123,0
DA:125,0
DA:151,0
DA:152,0
LF:21
LH:3
BRDA:35,0,0,3
BRDA:35,0,1,0
BRDA:83,1,0,0
BRDA:83,1,1,0
BRDA:84,2,0,0
BRDA:84,2,1,0
BRDA:92,3,0,0
BRDA:92,3,1,0
BRDA:93,4,0,0
BRDA:93,4,1,0
BRDA:100,5,0,0
BRDA:100,5,1,0
BRDA:101,6,0,0
BRDA:101,6,1,0
BRDA:113,7,0,0
BRDA:113,7,1,0
BRDA:117,8,0,0
BRDA:117,8,1,0
BRDA:122,9,0,0
BRDA:122,9,1,0
BRDA:151,10,0,0
BRDA:151,10,1,0
BRF:22
BRH:1
end_of_record
TN:
SF:src/shared/utils/uuid.ts
FN:4,uuid
FNF:1
FNH:0
FNDA:0,uuid
DA:5,0
LF:1
LH:0
BRF:0
BRH:0
end_of_record
